{
  "/home/zjx/code/todo/frontend/src/stores/todo.ts": {
    "path": "/home/zjx/code/todo/frontend/src/stores/todo.ts",
    "statementMap": {
      "0": {
        "start": {
          "line": 4,
          "column": 28
        },
        "end": {
          "line": 69,
          "column": 2
        }
      },
      "1": {
        "start": {
          "line": 5,
          "column": 16
        },
        "end": {
          "line": 5,
          "column": 23
        }
      },
      "2": {
        "start": {
          "line": 6,
          "column": 18
        },
        "end": {
          "line": 6,
          "column": 51
        }
      },
      "3": {
        "start": {
          "line": 7,
          "column": 26
        },
        "end": {
          "line": 7,
          "column": 62
        }
      },
      "4": {
        "start": {
          "line": 8,
          "column": 21
        },
        "end": {
          "line": 15,
          "column": 3
        }
      },
      "5": {
        "start": {
          "line": 9,
          "column": 4
        },
        "end": {
          "line": 14,
          "column": 5
        }
      },
      "6": {
        "start": {
          "line": 10,
          "column": 23
        },
        "end": {
          "line": 10,
          "column": 47
        }
      },
      "7": {
        "start": {
          "line": 11,
          "column": 6
        },
        "end": {
          "line": 11,
          "column": 40
        }
      },
      "8": {
        "start": {
          "line": 13,
          "column": 6
        },
        "end": {
          "line": 13,
          "column": 53
        }
      },
      "9": {
        "start": {
          "line": 16,
          "column": 18
        },
        "end": {
          "line": 24,
          "column": 3
        }
      },
      "10": {
        "start": {
          "line": 17,
          "column": 4
        },
        "end": {
          "line": 23,
          "column": 5
        }
      },
      "11": {
        "start": {
          "line": 18,
          "column": 25
        },
        "end": {
          "line": 18,
          "column": 56
        }
      },
      "12": {
        "start": {
          "line": 19,
          "column": 6
        },
        "end": {
          "line": 19,
          "column": 117
        }
      },
      "13": {
        "start": {
          "line": 20,
          "column": 6
        },
        "end": {
          "line": 20,
          "column": 25
        }
      },
      "14": {
        "start": {
          "line": 22,
          "column": 6
        },
        "end": {
          "line": 22,
          "column": 50
        }
      },
      "15": {
        "start": {
          "line": 25,
          "column": 21
        },
        "end": {
          "line": 35,
          "column": 3
        }
      },
      "16": {
        "start": {
          "line": 26,
          "column": 4
        },
        "end": {
          "line": 34,
          "column": 5
        }
      },
      "17": {
        "start": {
          "line": 27,
          "column": 6
        },
        "end": {
          "line": 29,
          "column": 7
        }
      },
      "18": {
        "start": {
          "line": 28,
          "column": 8
        },
        "end": {
          "line": 28,
          "column": 32
        }
      },
      "19": {
        "start": {
          "line": 30,
          "column": 6
        },
        "end": {
          "line": 30,
          "column": 51
        }
      },
      "20": {
        "start": {
          "line": 31,
          "column": 6
        },
        "end": {
          "line": 31,
          "column": 25
        }
      },
      "21": {
        "start": {
          "line": 33,
          "column": 6
        },
        "end": {
          "line": 33,
          "column": 53
        }
      },
      "22": {
        "start": {
          "line": 36,
          "column": 21
        },
        "end": {
          "line": 43,
          "column": 3
        }
      },
      "23": {
        "start": {
          "line": 37,
          "column": 4
        },
        "end": {
          "line": 42,
          "column": 5
        }
      },
      "24": {
        "start": {
          "line": 38,
          "column": 6
        },
        "end": {
          "line": 38,
          "column": 45
        }
      },
      "25": {
        "start": {
          "line": 39,
          "column": 6
        },
        "end": {
          "line": 39,
          "column": 25
        }
      },
      "26": {
        "start": {
          "line": 41,
          "column": 6
        },
        "end": {
          "line": 41,
          "column": 53
        }
      },
      "27": {
        "start": {
          "line": 44,
          "column": 21
        },
        "end": {
          "line": 51,
          "column": 3
        }
      },
      "28": {
        "start": {
          "line": 45,
          "column": 4
        },
        "end": {
          "line": 50,
          "column": 5
        }
      },
      "29": {
        "start": {
          "line": 46,
          "column": 6
        },
        "end": {
          "line": 46,
          "column": 67
        }
      },
      "30": {
        "start": {
          "line": 47,
          "column": 6
        },
        "end": {
          "line": 47,
          "column": 25
        }
      },
      "31": {
        "start": {
          "line": 49,
          "column": 6
        },
        "end": {
          "line": 49,
          "column": 53
        }
      },
      "32": {
        "start": {
          "line": 52,
          "column": 24
        },
        "end": {
          "line": 59,
          "column": 3
        }
      },
      "33": {
        "start": {
          "line": 53,
          "column": 4
        },
        "end": {
          "line": 58,
          "column": 5
        }
      },
      "34": {
        "start": {
          "line": 54,
          "column": 6
        },
        "end": {
          "line": 54,
          "column": 59
        }
      },
      "35": {
        "start": {
          "line": 55,
          "column": 6
        },
        "end": {
          "line": 55,
          "column": 25
        }
      },
      "36": {
        "start": {
          "line": 57,
          "column": 6
        },
        "end": {
          "line": 57,
          "column": 56
        }
      },
      "37": {
        "start": {
          "line": 60,
          "column": 24
        },
        "end": {
          "line": 67,
          "column": 3
        }
      },
      "38": {
        "start": {
          "line": 61,
          "column": 4
        },
        "end": {
          "line": 66,
          "column": 5
        }
      },
      "39": {
        "start": {
          "line": 62,
          "column": 6
        },
        "end": {
          "line": 62,
          "column": 53
        }
      },
      "40": {
        "start": {
          "line": 63,
          "column": 6
        },
        "end": {
          "line": 63,
          "column": 25
        }
      },
      "41": {
        "start": {
          "line": 65,
          "column": 6
        },
        "end": {
          "line": 65,
          "column": 56
        }
      },
      "42": {
        "start": {
          "line": 68,
          "column": 2
        },
        "end": {
          "line": 68,
          "column": 106
        }
      }
    },
    "fnMap": {
      "0": {
        "name": "(anonymous_0)",
        "decl": {
          "start": {
            "line": 4,
            "column": 48
          },
          "end": {
            "line": 4,
            "column": 49
          }
        },
        "loc": {
          "start": {
            "line": 4,
            "column": 54
          },
          "end": {
            "line": 69,
            "column": 1
          }
        },
        "line": 4
      },
      "1": {
        "name": "(anonymous_1)",
        "decl": {
          "start": {
            "line": 8,
            "column": 21
          },
          "end": {
            "line": 8,
            "column": 22
          }
        },
        "loc": {
          "start": {
            "line": 8,
            "column": 33
          },
          "end": {
            "line": 15,
            "column": 3
          }
        },
        "line": 8
      },
      "2": {
        "name": "(anonymous_2)",
        "decl": {
          "start": {
            "line": 16,
            "column": 18
          },
          "end": {
            "line": 16,
            "column": 19
          }
        },
        "loc": {
          "start": {
            "line": 16,
            "column": 119
          },
          "end": {
            "line": 24,
            "column": 3
          }
        },
        "line": 16
      },
      "3": {
        "name": "(anonymous_3)",
        "decl": {
          "start": {
            "line": 25,
            "column": 21
          },
          "end": {
            "line": 25,
            "column": 22
          }
        },
        "loc": {
          "start": {
            "line": 25,
            "column": 44
          },
          "end": {
            "line": 35,
            "column": 3
          }
        },
        "line": 25
      },
      "4": {
        "name": "(anonymous_4)",
        "decl": {
          "start": {
            "line": 36,
            "column": 21
          },
          "end": {
            "line": 36,
            "column": 22
          }
        },
        "loc": {
          "start": {
            "line": 36,
            "column": 35
          },
          "end": {
            "line": 43,
            "column": 3
          }
        },
        "line": 36
      },
      "5": {
        "name": "(anonymous_5)",
        "decl": {
          "start": {
            "line": 44,
            "column": 21
          },
          "end": {
            "line": 44,
            "column": 22
          }
        },
        "loc": {
          "start": {
            "line": 44,
            "column": 46
          },
          "end": {
            "line": 51,
            "column": 3
          }
        },
        "line": 44
      },
      "6": {
        "name": "(anonymous_6)",
        "decl": {
          "start": {
            "line": 52,
            "column": 24
          },
          "end": {
            "line": 52,
            "column": 25
          }
        },
        "loc": {
          "start": {
            "line": 52,
            "column": 47
          },
          "end": {
            "line": 59,
            "column": 3
          }
        },
        "line": 52
      },
      "7": {
        "name": "(anonymous_7)",
        "decl": {
          "start": {
            "line": 60,
            "column": 24
          },
          "end": {
            "line": 60,
            "column": 25
          }
        },
        "loc": {
          "start": {
            "line": 60,
            "column": 38
          },
          "end": {
            "line": 67,
            "column": 3
          }
        },
        "line": 60
      }
    },
    "branchMap": {
      "0": {
        "loc": {
          "start": {
            "line": 11,
            "column": 20
          },
          "end": {
            "line": 11,
            "column": 39
          }
        },
        "type": "binary-expr",
        "locations": [
          {
            "start": {
              "line": 11,
              "column": 20
            },
            "end": {
              "line": 11,
              "column": 33
            }
          },
          {
            "start": {
              "line": 11,
              "column": 37
            },
            "end": {
              "line": 11,
              "column": 39
            }
          }
        ],
        "line": 11
      },
      "1": {
        "loc": {
          "start": {
            "line": 16,
            "column": 32
          },
          "end": {
            "line": 16,
            "column": 51
          }
        },
        "type": "default-arg",
        "locations": [
          {
            "start": {
              "line": 16,
              "column": 43
            },
            "end": {
              "line": 16,
              "column": 51
            }
          }
        ],
        "line": 16
      },
      "2": {
        "loc": {
          "start": {
            "line": 16,
            "column": 53
          },
          "end": {
            "line": 16,
            "column": 67
          }
        },
        "type": "default-arg",
        "locations": [
          {
            "start": {
              "line": 16,
              "column": 63
            },
            "end": {
              "line": 16,
              "column": 67
            }
          }
        ],
        "line": 16
      },
      "3": {
        "loc": {
          "start": {
            "line": 16,
            "column": 69
          },
          "end": {
            "line": 16,
            "column": 85
          }
        },
        "type": "default-arg",
        "locations": [
          {
            "start": {
              "line": 16,
              "column": 83
            },
            "end": {
              "line": 16,
              "column": 85
            }
          }
        ],
        "line": 16
      },
      "4": {
        "loc": {
          "start": {
            "line": 16,
            "column": 87
          },
          "end": {
            "line": 16,
            "column": 96
          }
        },
        "type": "default-arg",
        "locations": [
          {
            "start": {
              "line": 16,
              "column": 94
            },
            "end": {
              "line": 16,
              "column": 96
            }
          }
        ],
        "line": 16
      },
      "5": {
        "loc": {
          "start": {
            "line": 16,
            "column": 98
          },
          "end": {
            "line": 16,
            "column": 114
          }
        },
        "type": "default-arg",
        "locations": [
          {
            "start": {
              "line": 16,
              "column": 110
            },
            "end": {
              "line": 16,
              "column": 114
            }
          }
        ],
        "line": 16
      },
      "6": {
        "loc": {
          "start": {
            "line": 18,
            "column": 25
          },
          "end": {
            "line": 18,
            "column": 56
          }
        },
        "type": "cond-expr",
        "locations": [
          {
            "start": {
              "line": 18,
              "column": 42
            },
            "end": {
              "line": 18,
              "column": 46
            }
          },
          {
            "start": {
              "line": 18,
              "column": 49
            },
            "end": {
              "line": 18,
              "column": 56
            }
          }
        ],
        "line": 18
      },
      "7": {
        "loc": {
          "start": {
            "line": 27,
            "column": 6
          },
          "end": {
            "line": 29,
            "column": 7
          }
        },
        "type": "if",
        "locations": [
          {
            "start": {
              "line": 27,
              "column": 6
            },
            "end": {
              "line": 29,
              "column": 7
            }
          },
          {
            "start": {},
            "end": {}
          }
        ],
        "line": 27
      }
    },
    "s": {
      "0": 19,
      "1": 19,
      "2": 19,
      "3": 19,
      "4": 19,
      "5": 23,
      "6": 23,
      "7": 23,
      "8": 0,
      "9": 19,
      "10": 3,
      "11": 3,
      "12": 3,
      "13": 3,
      "14": 0,
      "15": 19,
      "16": 1,
      "17": 1,
      "18": 0,
      "19": 1,
      "20": 1,
      "21": 0,
      "22": 19,
      "23": 0,
      "24": 0,
      "25": 0,
      "26": 0,
      "27": 19,
      "28": 0,
      "29": 0,
      "30": 0,
      "31": 0,
      "32": 19,
      "33": 0,
      "34": 0,
      "35": 0,
      "36": 0,
      "37": 19,
      "38": 0,
      "39": 0,
      "40": 0,
      "41": 0,
      "42": 19
    },
    "f": {
      "0": 19,
      "1": 23,
      "2": 3,
      "3": 1,
      "4": 0,
      "5": 0,
      "6": 0,
      "7": 0
    },
    "b": {
      "0": [
        23,
        0
      ],
      "1": [
        0
      ],
      "2": [
        0
      ],
      "3": [
        0
      ],
      "4": [
        0
      ],
      "5": [
        0
      ],
      "6": [
        0,
        3
      ],
      "7": [
        0,
        1
      ]
    },
    "inputSourceMap": {
      "version": 3,
      "sources": [
        "/home/zjx/code/todo/frontend/src/stores/todo.ts"
      ],
      "mappings": "AAAA,SAAS,mBAAmB;AAC5B,OAAO,WAAW;AAClB,SAAS,WAAW;AAuBb,aAAM,eAAe,YAAY,QAAQ,MAAM;AACpD,QAAM,QAAQ,IAAY,CAAC,CAAC;AAE5B,QAAM,UAAU;AAChB,QAAM,kBAAkB;AAExB,QAAM,aAAa,YAAY;AAC7B,QAAI;AACF,YAAM,WAAW,MAAM,MAAM,IAAY,OAAO;AAChD,YAAM,QAAQ,SAAS,QAAQ,CAAC;AAAA,IAClC,SAAS,OAAO;AACd,cAAQ,MAAM,0BAA0B,KAAK;AAAA,IAC/C;AAAA,EACF;AAEA,QAAM,UAAU,OAAO,OAAe,WAAmB,UAAU,UAAyB,MAAM,cAAsB,IAAI,OAAiB,CAAC,GAAG,YAA2B,SAAS;AACnL,QAAI;AAEF,YAAM,aAAa,YAAY,KAAK,OAAO;AAC3C,YAAM,MAAM,KAAK,SAAS,EAAE,OAAO,aAAa,UAAU,UAAU,YAAY,MAAM,YAAY,UAAU,CAAC;AAC7G,YAAM,WAAW;AAAA,IACnB,SAAS,OAAO;AACd,cAAQ,MAAM,uBAAuB,KAAK;AAAA,IAC5C;AAAA,EACF;AAEA,QAAM,aAAa,OAAO,IAAY,YAA2B;AAC/D,QAAI;AAEA,UAAI,QAAQ,aAAa,IAAI;AACzB,gBAAQ,WAAW;AAAA,MACvB;AACF,YAAM,MAAM,IAAI,GAAG,OAAO,IAAI,EAAE,IAAI,OAAO;AAC3C,YAAM,WAAW;AAAA,IACnB,SAAS,OAAO;AACd,cAAQ,MAAM,0BAA0B,KAAK;AAAA,IAC/C;AAAA,EACF;AAEA,QAAM,aAAa,OAAO,OAAe;AACvC,QAAI;AACF,YAAM,MAAM,OAAO,GAAG,OAAO,IAAI,EAAE,EAAE;AACrC,YAAM,WAAW;AAAA,IACnB,SAAS,OAAO;AACd,cAAQ,MAAM,0BAA0B,KAAK;AAAA,IAC/C;AAAA,EACF;AAEA,QAAM,aAAa,OAAO,QAAgB,UAAkB;AAC1D,QAAI;AACF,YAAM,MAAM,KAAK,GAAG,OAAO,IAAI,MAAM,aAAa,EAAE,MAAM,CAAC;AAC3D,YAAM,WAAW;AAAA,IACnB,SAAS,OAAO;AACd,cAAQ,MAAM,0BAA0B,KAAK;AAAA,IAC/C;AAAA,EACF;AAEA,QAAM,gBAAgB,OAAO,IAAY,YAA8B;AACrE,QAAI;AACF,YAAM,MAAM,IAAI,GAAG,eAAe,IAAI,EAAE,IAAI,OAAO;AACnD,YAAM,WAAW;AAAA,IACnB,SAAS,OAAO;AACd,cAAQ,MAAM,6BAA6B,KAAK;AAAA,IAClD;AAAA,EACF;AAEA,QAAM,gBAAgB,OAAO,OAAe;AAC1C,QAAI;AACF,YAAM,MAAM,OAAO,GAAG,eAAe,IAAI,EAAE,EAAE;AAC7C,YAAM,WAAW;AAAA,IACnB,SAAS,OAAO;AACd,cAAQ,MAAM,6BAA6B,KAAK;AAAA,IAClD;AAAA,EACF;AAEA,SAAO,EAAE,OAAO,YAAY,SAAS,YAAY,YAAY,YAAY,eAAe,cAAc;AACxG,CAAC;",
      "names": []
    },
    "_coverageSchema": "1a1c01bbd47fc00a2c39e90264f33305004495a9",
    "hash": "1081a856dcd749d69a41d4189f6b5c4c45db7682"
  },
  "/home/zjx/code/todo/frontend/src/stores/theme.ts": {
    "path": "/home/zjx/code/todo/frontend/src/stores/theme.ts",
    "statementMap": {
      "0": {
        "start": {
          "line": 3,
          "column": 29
        },
        "end": {
          "line": 40,
          "column": 2
        }
      },
      "1": {
        "start": {
          "line": 4,
          "column": 16
        },
        "end": {
          "line": 4,
          "column": 60
        }
      },
      "2": {
        "start": {
          "line": 5,
          "column": 30
        },
        "end": {
          "line": 11,
          "column": 3
        }
      },
      "3": {
        "start": {
          "line": 6,
          "column": 4
        },
        "end": {
          "line": 10,
          "column": 5
        }
      },
      "4": {
        "start": {
          "line": 7,
          "column": 6
        },
        "end": {
          "line": 7,
          "column": 53
        }
      },
      "5": {
        "start": {
          "line": 9,
          "column": 6
        },
        "end": {
          "line": 9,
          "column": 56
        }
      },
      "6": {
        "start": {
          "line": 12,
          "column": 21
        },
        "end": {
          "line": 19,
          "column": 3
        }
      },
      "7": {
        "start": {
          "line": 13,
          "column": 4
        },
        "end": {
          "line": 18,
          "column": 5
        }
      },
      "8": {
        "start": {
          "line": 14,
          "column": 25
        },
        "end": {
          "line": 14,
          "column": 82
        }
      },
      "9": {
        "start": {
          "line": 15,
          "column": 6
        },
        "end": {
          "line": 15,
          "column": 38
        }
      },
      "10": {
        "start": {
          "line": 17,
          "column": 6
        },
        "end": {
          "line": 17,
          "column": 50
        }
      },
      "11": {
        "start": {
          "line": 20,
          "column": 2
        },
        "end": {
          "line": 23,
          "column": 5
        }
      },
      "12": {
        "start": {
          "line": 21,
          "column": 4
        },
        "end": {
          "line": 21,
          "column": 44
        }
      },
      "13": {
        "start": {
          "line": 22,
          "column": 4
        },
        "end": {
          "line": 22,
          "column": 17
        }
      },
      "14": {
        "start": {
          "line": 24,
          "column": 2
        },
        "end": {
          "line": 28,
          "column": 5
        }
      },
      "15": {
        "start": {
          "line": 25,
          "column": 4
        },
        "end": {
          "line": 27,
          "column": 5
        }
      },
      "16": {
        "start": {
          "line": 26,
          "column": 6
        },
        "end": {
          "line": 26,
          "column": 37
        }
      },
      "17": {
        "start": {
          "line": 29,
          "column": 2
        },
        "end": {
          "line": 29,
          "column": 15
        }
      },
      "18": {
        "start": {
          "line": 30,
          "column": 22
        },
        "end": {
          "line": 34,
          "column": 3
        }
      },
      "19": {
        "start": {
          "line": 31,
          "column": 4
        },
        "end": {
          "line": 33,
          "column": 31
        }
      },
      "20": {
        "start": {
          "line": 31,
          "column": 33
        },
        "end": {
          "line": 31,
          "column": 54
        }
      },
      "21": {
        "start": {
          "line": 32,
          "column": 9
        },
        "end": {
          "line": 33,
          "column": 31
        }
      },
      "22": {
        "start": {
          "line": 32,
          "column": 37
        },
        "end": {
          "line": 32,
          "column": 58
        }
      },
      "23": {
        "start": {
          "line": 33,
          "column": 9
        },
        "end": {
          "line": 33,
          "column": 31
        }
      },
      "24": {
        "start": {
          "line": 35,
          "column": 2
        },
        "end": {
          "line": 39,
          "column": 4
        }
      }
    },
    "fnMap": {
      "0": {
        "name": "(anonymous_0)",
        "decl": {
          "start": {
            "line": 3,
            "column": 50
          },
          "end": {
            "line": 3,
            "column": 51
          }
        },
        "loc": {
          "start": {
            "line": 3,
            "column": 56
          },
          "end": {
            "line": 40,
            "column": 1
          }
        },
        "line": 3
      },
      "1": {
        "name": "(anonymous_1)",
        "decl": {
          "start": {
            "line": 5,
            "column": 30
          },
          "end": {
            "line": 5,
            "column": 31
          }
        },
        "loc": {
          "start": {
            "line": 5,
            "column": 42
          },
          "end": {
            "line": 11,
            "column": 3
          }
        },
        "line": 5
      },
      "2": {
        "name": "(anonymous_2)",
        "decl": {
          "start": {
            "line": 12,
            "column": 21
          },
          "end": {
            "line": 12,
            "column": 22
          }
        },
        "loc": {
          "start": {
            "line": 12,
            "column": 27
          },
          "end": {
            "line": 19,
            "column": 3
          }
        },
        "line": 12
      },
      "3": {
        "name": "(anonymous_3)",
        "decl": {
          "start": {
            "line": 20,
            "column": 15
          },
          "end": {
            "line": 20,
            "column": 16
          }
        },
        "loc": {
          "start": {
            "line": 20,
            "column": 29
          },
          "end": {
            "line": 23,
            "column": 3
          }
        },
        "line": 20
      },
      "4": {
        "name": "(anonymous_4)",
        "decl": {
          "start": {
            "line": 24,
            "column": 79
          },
          "end": {
            "line": 24,
            "column": 80
          }
        },
        "loc": {
          "start": {
            "line": 24,
            "column": 86
          },
          "end": {
            "line": 28,
            "column": 3
          }
        },
        "line": 24
      },
      "5": {
        "name": "(anonymous_5)",
        "decl": {
          "start": {
            "line": 30,
            "column": 22
          },
          "end": {
            "line": 30,
            "column": 23
          }
        },
        "loc": {
          "start": {
            "line": 30,
            "column": 28
          },
          "end": {
            "line": 34,
            "column": 3
          }
        },
        "line": 30
      }
    },
    "branchMap": {
      "0": {
        "loc": {
          "start": {
            "line": 4,
            "column": 20
          },
          "end": {
            "line": 4,
            "column": 59
          }
        },
        "type": "binary-expr",
        "locations": [
          {
            "start": {
              "line": 4,
              "column": 20
            },
            "end": {
              "line": 4,
              "column": 49
            }
          },
          {
            "start": {
              "line": 4,
              "column": 53
            },
            "end": {
              "line": 4,
              "column": 59
            }
          }
        ],
        "line": 4
      },
      "1": {
        "loc": {
          "start": {
            "line": 6,
            "column": 4
          },
          "end": {
            "line": 10,
            "column": 5
          }
        },
        "type": "if",
        "locations": [
          {
            "start": {
              "line": 6,
              "column": 4
            },
            "end": {
              "line": 10,
              "column": 5
            }
          },
          {
            "start": {
              "line": 8,
              "column": 11
            },
            "end": {
              "line": 10,
              "column": 5
            }
          }
        ],
        "line": 6
      },
      "2": {
        "loc": {
          "start": {
            "line": 13,
            "column": 4
          },
          "end": {
            "line": 18,
            "column": 5
          }
        },
        "type": "if",
        "locations": [
          {
            "start": {
              "line": 13,
              "column": 4
            },
            "end": {
              "line": 18,
              "column": 5
            }
          },
          {
            "start": {
              "line": 16,
              "column": 11
            },
            "end": {
              "line": 18,
              "column": 5
            }
          }
        ],
        "line": 13
      },
      "3": {
        "loc": {
          "start": {
            "line": 25,
            "column": 4
          },
          "end": {
            "line": 27,
            "column": 5
          }
        },
        "type": "if",
        "locations": [
          {
            "start": {
              "line": 25,
              "column": 4
            },
            "end": {
              "line": 27,
              "column": 5
            }
          },
          {
            "start": {},
            "end": {}
          }
        ],
        "line": 25
      },
      "4": {
        "loc": {
          "start": {
            "line": 31,
            "column": 4
          },
          "end": {
            "line": 33,
            "column": 31
          }
        },
        "type": "if",
        "locations": [
          {
            "start": {
              "line": 31,
              "column": 4
            },
            "end": {
              "line": 33,
              "column": 31
            }
          },
          {
            "start": {
              "line": 32,
              "column": 9
            },
            "end": {
              "line": 33,
              "column": 31
            }
          }
        ],
        "line": 31
      },
      "5": {
        "loc": {
          "start": {
            "line": 32,
            "column": 9
          },
          "end": {
            "line": 33,
            "column": 31
          }
        },
        "type": "if",
        "locations": [
          {
            "start": {
              "line": 32,
              "column": 9
            },
            "end": {
              "line": 33,
              "column": 31
            }
          },
          {
            "start": {
              "line": 33,
              "column": 9
            },
            "end": {
              "line": 33,
              "column": 31
            }
          }
        ],
        "line": 32
      }
    },
    "s": {
      "0": 19,
      "1": 19,
      "2": 19,
      "3": 19,
      "4": 0,
      "5": 19,
      "6": 19,
      "7": 19,
      "8": 19,
      "9": 19,
      "10": 0,
      "11": 19,
      "12": 0,
      "13": 0,
      "14": 19,
      "15": 0,
      "16": 0,
      "17": 19,
      "18": 19,
      "19": 0,
      "20": 0,
      "21": 0,
      "22": 0,
      "23": 0,
      "24": 19
    },
    "f": {
      "0": 19,
      "1": 19,
      "2": 19,
      "3": 0,
      "4": 0,
      "5": 0
    },
    "b": {
      "0": [
        19,
        19
      ],
      "1": [
        0,
        19
      ],
      "2": [
        19,
        0
      ],
      "3": [
        0,
        0
      ],
      "4": [
        0,
        0
      ],
      "5": [
        0,
        0
      ]
    },
    "inputSourceMap": {
      "version": 3,
      "sources": [
        "/home/zjx/code/todo/frontend/src/stores/theme.ts"
      ],
      "mappings": "AAAA,SAAS,mBAAmB;AAC5B,SAAS,KAAK,aAAa;AAIpB,aAAM,gBAAgB,YAAY,SAAS,MAAM;AACtD,QAAM,QAAQ,IAAY,aAAa,QAAQ,OAAO,KAAe,MAAM;AAE3E,QAAM,sBAAsB,CAAC,WAAoB;AAC/C,QAAI,QAAQ;AACV,eAAS,gBAAgB,UAAU,IAAI,MAAM;AAAA,IAC/C,OAAO;AACL,eAAS,gBAAgB,UAAU,OAAO,MAAM;AAAA,IAClD;AAAA,EACF;AAEA,QAAM,aAAa,MAAM;AACvB,QAAI,MAAM,UAAU,QAAQ;AAC1B,YAAM,aAAa,OAAO,WAAW,8BAA8B,EAAE;AACrE,0BAAoB,UAAU;AAAA,IAChC,OAAO;AACL,0BAAoB,MAAM,UAAU,MAAM;AAAA,IAC5C;AAAA,EACF;AAGA,QAAM,OAAO,CAAC,aAAa;AACzB,iBAAa,QAAQ,SAAS,QAAQ;AACtC,eAAW;AAAA,EACb,CAAC;AAGD,SAAO,WAAW,8BAA8B,EAAE,iBAAiB,UAAU,CAAC,MAAM;AAClF,QAAI,MAAM,UAAU,QAAQ;AAC1B,0BAAoB,EAAE,OAAO;AAAA,IAC/B;AAAA,EACF,CAAC;AAGD,aAAW;AAEX,QAAM,cAAc,MAAM;AACxB,QAAI,MAAM,UAAU,QAAS,OAAM,QAAQ;AAAA,aAClC,MAAM,UAAU,OAAQ,OAAM,QAAQ;AAAA,QAC1C,OAAM,QAAQ;AAAA,EACrB;AAEA,SAAO;AAAA,IACL;AAAA,IACA;AAAA,IACA;AAAA,EACF;AACF,CAAC;",
      "names": []
    },
    "_coverageSchema": "1a1c01bbd47fc00a2c39e90264f33305004495a9",
    "hash": "79d3d4abaebd91d127ce39a3f58b2b314a6b6f6e"
  },
  "/home/zjx/code/todo/frontend/src/stores/project.ts": {
    "path": "/home/zjx/code/todo/frontend/src/stores/project.ts",
    "statementMap": {
      "0": {
        "start": {
          "line": 4,
          "column": 31
        },
        "end": {
          "line": 40,
          "column": 2
        }
      },
      "1": {
        "start": {
          "line": 5,
          "column": 19
        },
        "end": {
          "line": 5,
          "column": 26
        }
      },
      "2": {
        "start": {
          "line": 6,
          "column": 18
        },
        "end": {
          "line": 6,
          "column": 54
        }
      },
      "3": {
        "start": {
          "line": 7,
          "column": 24
        },
        "end": {
          "line": 14,
          "column": 3
        }
      },
      "4": {
        "start": {
          "line": 8,
          "column": 4
        },
        "end": {
          "line": 13,
          "column": 5
        }
      },
      "5": {
        "start": {
          "line": 9,
          "column": 23
        },
        "end": {
          "line": 9,
          "column": 47
        }
      },
      "6": {
        "start": {
          "line": 10,
          "column": 6
        },
        "end": {
          "line": 10,
          "column": 43
        }
      },
      "7": {
        "start": {
          "line": 12,
          "column": 6
        },
        "end": {
          "line": 12,
          "column": 56
        }
      },
      "8": {
        "start": {
          "line": 15,
          "column": 21
        },
        "end": {
          "line": 22,
          "column": 3
        }
      },
      "9": {
        "start": {
          "line": 16,
          "column": 4
        },
        "end": {
          "line": 21,
          "column": 5
        }
      },
      "10": {
        "start": {
          "line": 17,
          "column": 6
        },
        "end": {
          "line": 17,
          "column": 62
        }
      },
      "11": {
        "start": {
          "line": 18,
          "column": 6
        },
        "end": {
          "line": 18,
          "column": 28
        }
      },
      "12": {
        "start": {
          "line": 20,
          "column": 6
        },
        "end": {
          "line": 20,
          "column": 53
        }
      },
      "13": {
        "start": {
          "line": 23,
          "column": 24
        },
        "end": {
          "line": 30,
          "column": 3
        }
      },
      "14": {
        "start": {
          "line": 24,
          "column": 4
        },
        "end": {
          "line": 29,
          "column": 5
        }
      },
      "15": {
        "start": {
          "line": 25,
          "column": 6
        },
        "end": {
          "line": 25,
          "column": 51
        }
      },
      "16": {
        "start": {
          "line": 26,
          "column": 6
        },
        "end": {
          "line": 26,
          "column": 28
        }
      },
      "17": {
        "start": {
          "line": 28,
          "column": 6
        },
        "end": {
          "line": 28,
          "column": 56
        }
      },
      "18": {
        "start": {
          "line": 31,
          "column": 24
        },
        "end": {
          "line": 38,
          "column": 3
        }
      },
      "19": {
        "start": {
          "line": 32,
          "column": 4
        },
        "end": {
          "line": 37,
          "column": 5
        }
      },
      "20": {
        "start": {
          "line": 33,
          "column": 6
        },
        "end": {
          "line": 33,
          "column": 45
        }
      },
      "21": {
        "start": {
          "line": 34,
          "column": 6
        },
        "end": {
          "line": 34,
          "column": 28
        }
      },
      "22": {
        "start": {
          "line": 36,
          "column": 6
        },
        "end": {
          "line": 36,
          "column": 56
        }
      },
      "23": {
        "start": {
          "line": 39,
          "column": 2
        },
        "end": {
          "line": 39,
          "column": 79
        }
      }
    },
    "fnMap": {
      "0": {
        "name": "(anonymous_0)",
        "decl": {
          "start": {
            "line": 4,
            "column": 54
          },
          "end": {
            "line": 4,
            "column": 55
          }
        },
        "loc": {
          "start": {
            "line": 4,
            "column": 60
          },
          "end": {
            "line": 40,
            "column": 1
          }
        },
        "line": 4
      },
      "1": {
        "name": "(anonymous_1)",
        "decl": {
          "start": {
            "line": 7,
            "column": 24
          },
          "end": {
            "line": 7,
            "column": 25
          }
        },
        "loc": {
          "start": {
            "line": 7,
            "column": 36
          },
          "end": {
            "line": 14,
            "column": 3
          }
        },
        "line": 7
      },
      "2": {
        "name": "(anonymous_2)",
        "decl": {
          "start": {
            "line": 15,
            "column": 21
          },
          "end": {
            "line": 15,
            "column": 22
          }
        },
        "loc": {
          "start": {
            "line": 15,
            "column": 74
          },
          "end": {
            "line": 22,
            "column": 3
          }
        },
        "line": 15
      },
      "3": {
        "name": "(anonymous_3)",
        "decl": {
          "start": {
            "line": 23,
            "column": 24
          },
          "end": {
            "line": 23,
            "column": 25
          }
        },
        "loc": {
          "start": {
            "line": 23,
            "column": 47
          },
          "end": {
            "line": 30,
            "column": 3
          }
        },
        "line": 23
      },
      "4": {
        "name": "(anonymous_4)",
        "decl": {
          "start": {
            "line": 31,
            "column": 24
          },
          "end": {
            "line": 31,
            "column": 25
          }
        },
        "loc": {
          "start": {
            "line": 31,
            "column": 38
          },
          "end": {
            "line": 38,
            "column": 3
          }
        },
        "line": 31
      }
    },
    "branchMap": {
      "0": {
        "loc": {
          "start": {
            "line": 10,
            "column": 23
          },
          "end": {
            "line": 10,
            "column": 42
          }
        },
        "type": "binary-expr",
        "locations": [
          {
            "start": {
              "line": 10,
              "column": 23
            },
            "end": {
              "line": 10,
              "column": 36
            }
          },
          {
            "start": {
              "line": 10,
              "column": 40
            },
            "end": {
              "line": 10,
              "column": 42
            }
          }
        ],
        "line": 10
      },
      "1": {
        "loc": {
          "start": {
            "line": 15,
            "column": 34
          },
          "end": {
            "line": 15,
            "column": 50
          }
        },
        "type": "default-arg",
        "locations": [
          {
            "start": {
              "line": 15,
              "column": 48
            },
            "end": {
              "line": 15,
              "column": 50
            }
          }
        ],
        "line": 15
      },
      "2": {
        "loc": {
          "start": {
            "line": 15,
            "column": 52
          },
          "end": {
            "line": 15,
            "column": 69
          }
        },
        "type": "default-arg",
        "locations": [
          {
            "start": {
              "line": 15,
              "column": 60
            },
            "end": {
              "line": 15,
              "column": 69
            }
          }
        ],
        "line": 15
      }
    },
    "s": {
      "0": 19,
      "1": 19,
      "2": 19,
      "3": 19,
      "4": 21,
      "5": 21,
      "6": 21,
      "7": 0,
      "8": 19,
      "9": 2,
      "10": 2,
      "11": 2,
      "12": 0,
      "13": 19,
      "14": 0,
      "15": 0,
      "16": 0,
      "17": 0,
      "18": 19,
      "19": 0,
      "20": 0,
      "21": 0,
      "22": 0,
      "23": 19
    },
    "f": {
      "0": 19,
      "1": 21,
      "2": 2,
      "3": 0,
      "4": 0
    },
    "b": {
      "0": [
        21,
        0
      ],
      "1": [
        0
      ],
      "2": [
        0
      ]
    },
    "inputSourceMap": {
      "version": 3,
      "sources": [
        "/home/zjx/code/todo/frontend/src/stores/project.ts"
      ],
      "mappings": "AAAA,SAAS,mBAAmB;AAC5B,OAAO,WAAW;AAClB,SAAS,WAAW;AAUb,aAAM,kBAAkB,YAAY,WAAW,MAAM;AAC1D,QAAM,WAAW,IAAe,CAAC,CAAC;AAClC,QAAM,UAAU;AAEhB,QAAM,gBAAgB,YAAY;AAChC,QAAI;AACF,YAAM,WAAW,MAAM,MAAM,IAAe,OAAO;AACnD,eAAS,QAAQ,SAAS,QAAQ,CAAC;AAAA,IACrC,SAAS,OAAO;AACd,cAAQ,MAAM,6BAA6B,KAAK;AAAA,IAClD;AAAA,EACF;AAEA,QAAM,aAAa,OAAO,MAAc,cAAsB,IAAI,QAAgB,cAAc;AAC9F,QAAI;AACF,YAAM,MAAM,KAAK,SAAS,EAAE,MAAM,aAAa,MAAM,CAAC;AACtD,YAAM,cAAc;AAAA,IACtB,SAAS,OAAO;AACd,cAAQ,MAAM,0BAA0B,KAAK;AAAA,IAC/C;AAAA,EACF;AAEA,QAAM,gBAAgB,OAAO,IAAY,YAA8B;AACrE,QAAI;AACF,YAAM,MAAM,IAAI,GAAG,OAAO,IAAI,EAAE,IAAI,OAAO;AAC3C,YAAM,cAAc;AAAA,IACtB,SAAS,OAAO;AACd,cAAQ,MAAM,6BAA6B,KAAK;AAAA,IAClD;AAAA,EACF;AAEA,QAAM,gBAAgB,OAAO,OAAe;AAC1C,QAAI;AACF,YAAM,MAAM,OAAO,GAAG,OAAO,IAAI,EAAE,EAAE;AACrC,YAAM,cAAc;AAAA,IACtB,SAAS,OAAO;AACd,cAAQ,MAAM,6BAA6B,KAAK;AAAA,IAClD;AAAA,EACF;AAEA,SAAO,EAAE,UAAU,eAAe,YAAY,eAAe,cAAc;AAC7E,CAAC;",
      "names": []
    },
    "_coverageSchema": "1a1c01bbd47fc00a2c39e90264f33305004495a9",
    "hash": "f774406443587c7ffc66266bf2147e8391afa9ce"
  },
  "/home/zjx/code/todo/frontend/src/components/BaseSelect.vue": {
    "path": "/home/zjx/code/todo/frontend/src/components/BaseSelect.vue",
    "statementMap": {
      "0": {
        "start": {
          "line": 4,
          "column": 34
        },
        "end": {
          "line": 47,
          "column": 2
        }
      },
      "1": {
        "start": {
          "line": 13,
          "column": 4
        },
        "end": {
          "line": 13,
          "column": 15
        }
      },
      "2": {
        "start": {
          "line": 14,
          "column": 18
        },
        "end": {
          "line": 14,
          "column": 25
        }
      },
      "3": {
        "start": {
          "line": 15,
          "column": 17
        },
        "end": {
          "line": 15,
          "column": 23
        }
      },
      "4": {
        "start": {
          "line": 16,
          "column": 19
        },
        "end": {
          "line": 16,
          "column": 29
        }
      },
      "5": {
        "start": {
          "line": 17,
          "column": 25
        },
        "end": {
          "line": 17,
          "column": 34
        }
      },
      "6": {
        "start": {
          "line": 18,
          "column": 19
        },
        "end": {
          "line": 20,
          "column": 5
        }
      },
      "7": {
        "start": {
          "line": 19,
          "column": 6
        },
        "end": {
          "line": 19,
          "column": 35
        }
      },
      "8": {
        "start": {
          "line": 21,
          "column": 19
        },
        "end": {
          "line": 24,
          "column": 5
        }
      },
      "9": {
        "start": {
          "line": 22,
          "column": 6
        },
        "end": {
          "line": 22,
          "column": 39
        }
      },
      "10": {
        "start": {
          "line": 23,
          "column": 6
        },
        "end": {
          "line": 23,
          "column": 27
        }
      },
      "11": {
        "start": {
          "line": 25,
          "column": 31
        },
        "end": {
          "line": 29,
          "column": 5
        }
      },
      "12": {
        "start": {
          "line": 26,
          "column": 6
        },
        "end": {
          "line": 28,
          "column": 7
        }
      },
      "13": {
        "start": {
          "line": 27,
          "column": 8
        },
        "end": {
          "line": 27,
          "column": 29
        }
      },
      "14": {
        "start": {
          "line": 30,
          "column": 4
        },
        "end": {
          "line": 32,
          "column": 7
        }
      },
      "15": {
        "start": {
          "line": 31,
          "column": 6
        },
        "end": {
          "line": 31,
          "column": 61
        }
      },
      "16": {
        "start": {
          "line": 33,
          "column": 4
        },
        "end": {
          "line": 35,
          "column": 7
        }
      },
      "17": {
        "start": {
          "line": 34,
          "column": 6
        },
        "end": {
          "line": 34,
          "column": 64
        }
      },
      "18": {
        "start": {
          "line": 36,
          "column": 21
        },
        "end": {
          "line": 38,
          "column": 5
        }
      },
      "19": {
        "start": {
          "line": 37,
          "column": 6
        },
        "end": {
          "line": 37,
          "column": 70
        }
      },
      "20": {
        "start": {
          "line": 37,
          "column": 39
        },
        "end": {
          "line": 37,
          "column": 54
        }
      },
      "21": {
        "start": {
          "line": 39,
          "column": 25
        },
        "end": {
          "line": 43,
          "column": 7
        }
      },
      "22": {
        "start": {
          "line": 40,
          "column": 6
        },
        "end": {
          "line": 40,
          "column": 25
        }
      },
      "23": {
        "start": {
          "line": 42,
          "column": 6
        },
        "end": {
          "line": 42,
          "column": 21
        }
      },
      "24": {
        "start": {
          "line": 44,
          "column": 4
        },
        "end": {
          "line": 44,
          "column": 95
        }
      },
      "25": {
        "start": {
          "line": 45,
          "column": 4
        },
        "end": {
          "line": 45,
          "column": 24
        }
      },
      "26": {
        "start": {
          "line": 49,
          "column": 19
        },
        "end": {
          "line": 52,
          "column": 1
        }
      },
      "27": {
        "start": {
          "line": 53,
          "column": 19
        },
        "end": {
          "line": 56,
          "column": 1
        }
      },
      "28": {
        "start": {
          "line": 57,
          "column": 19
        },
        "end": {
          "line": 57,
          "column": 36
        }
      },
      "29": {
        "start": {
          "line": 58,
          "column": 19
        },
        "end": {
          "line": 58,
          "column": 30
        }
      },
      "30": {
        "start": {
          "line": 60,
          "column": 2
        },
        "end": {
          "line": 122,
          "column": 4
        }
      },
      "31": {
        "start": {
          "line": 87,
          "column": 32
        },
        "end": {
          "line": 115,
          "column": 9
        }
      },
      "32": {
        "start": {
          "line": 94,
          "column": 18
        },
        "end": {
          "line": 108,
          "column": 36
        }
      },
      "33": {
        "start": {
          "line": 96,
          "column": 41
        },
        "end": {
          "line": 96,
          "column": 65
        }
      },
      "34": {
        "start": {
          "line": 124,
          "column": 0
        },
        "end": {
          "line": 124,
          "column": 31
        }
      },
      "35": {
        "start": {
          "line": 125,
          "column": 0
        },
        "end": {
          "line": 125,
          "column": 109
        }
      },
      "36": {
        "start": {
          "line": 126,
          "column": 0
        },
        "end": {
          "line": 128,
          "column": 3
        }
      },
      "37": {
        "start": {
          "line": 127,
          "column": 2
        },
        "end": {
          "line": 127,
          "column": 42
        }
      },
      "38": {
        "start": {
          "line": 129,
          "column": 0
        },
        "end": {
          "line": 137,
          "column": 3
        }
      },
      "39": {
        "start": {
          "line": 130,
          "column": 2
        },
        "end": {
          "line": 130,
          "column": 19
        }
      },
      "40": {
        "start": {
          "line": 130,
          "column": 12
        },
        "end": {
          "line": 130,
          "column": 19
        }
      },
      "41": {
        "start": {
          "line": 131,
          "column": 47
        },
        "end": {
          "line": 131,
          "column": 50
        }
      },
      "42": {
        "start": {
          "line": 132,
          "column": 2
        },
        "end": {
          "line": 136,
          "column": 3
        }
      },
      "43": {
        "start": {
          "line": 133,
          "column": 4
        },
        "end": {
          "line": 133,
          "column": 66
        }
      },
      "44": {
        "start": {
          "line": 135,
          "column": 4
        },
        "end": {
          "line": 135,
          "column": 57
        }
      }
    },
    "fnMap": {
      "0": {
        "name": "(anonymous_0)",
        "decl": {
          "start": {
            "line": 12,
            "column": 2
          },
          "end": {
            "line": 12,
            "column": 3
          }
        },
        "loc": {
          "start": {
            "line": 12,
            "column": 53
          },
          "end": {
            "line": 46,
            "column": 3
          }
        },
        "line": 12
      },
      "1": {
        "name": "(anonymous_1)",
        "decl": {
          "start": {
            "line": 18,
            "column": 19
          },
          "end": {
            "line": 18,
            "column": 20
          }
        },
        "loc": {
          "start": {
            "line": 18,
            "column": 25
          },
          "end": {
            "line": 20,
            "column": 5
          }
        },
        "line": 18
      },
      "2": {
        "name": "(anonymous_2)",
        "decl": {
          "start": {
            "line": 21,
            "column": 19
          },
          "end": {
            "line": 21,
            "column": 20
          }
        },
        "loc": {
          "start": {
            "line": 21,
            "column": 30
          },
          "end": {
            "line": 24,
            "column": 5
          }
        },
        "line": 21
      },
      "3": {
        "name": "(anonymous_3)",
        "decl": {
          "start": {
            "line": 25,
            "column": 31
          },
          "end": {
            "line": 25,
            "column": 32
          }
        },
        "loc": {
          "start": {
            "line": 25,
            "column": 42
          },
          "end": {
            "line": 29,
            "column": 5
          }
        },
        "line": 25
      },
      "4": {
        "name": "(anonymous_4)",
        "decl": {
          "start": {
            "line": 30,
            "column": 14
          },
          "end": {
            "line": 30,
            "column": 15
          }
        },
        "loc": {
          "start": {
            "line": 30,
            "column": 20
          },
          "end": {
            "line": 32,
            "column": 5
          }
        },
        "line": 30
      },
      "5": {
        "name": "(anonymous_5)",
        "decl": {
          "start": {
            "line": 33,
            "column": 16
          },
          "end": {
            "line": 33,
            "column": 17
          }
        },
        "loc": {
          "start": {
            "line": 33,
            "column": 22
          },
          "end": {
            "line": 35,
            "column": 5
          }
        },
        "line": 33
      },
      "6": {
        "name": "(anonymous_6)",
        "decl": {
          "start": {
            "line": 36,
            "column": 21
          },
          "end": {
            "line": 36,
            "column": 22
          }
        },
        "loc": {
          "start": {
            "line": 36,
            "column": 30
          },
          "end": {
            "line": 38,
            "column": 5
          }
        },
        "line": 36
      },
      "7": {
        "name": "(anonymous_7)",
        "decl": {
          "start": {
            "line": 37,
            "column": 32
          },
          "end": {
            "line": 37,
            "column": 33
          }
        },
        "loc": {
          "start": {
            "line": 37,
            "column": 39
          },
          "end": {
            "line": 37,
            "column": 54
          }
        },
        "line": 37
      },
      "8": {
        "name": "(anonymous_8)",
        "decl": {
          "start": {
            "line": 39,
            "column": 108
          },
          "end": {
            "line": 39,
            "column": 109
          }
        },
        "loc": {
          "start": {
            "line": 39,
            "column": 126
          },
          "end": {
            "line": 41,
            "column": 5
          }
        },
        "line": 39
      },
      "9": {
        "name": "(anonymous_9)",
        "decl": {
          "start": {
            "line": 41,
            "column": 7
          },
          "end": {
            "line": 41,
            "column": 8
          }
        },
        "loc": {
          "start": {
            "line": 41,
            "column": 21
          },
          "end": {
            "line": 43,
            "column": 5
          }
        },
        "line": 41
      },
      "10": {
        "name": "_sfc_render",
        "decl": {
          "start": {
            "line": 59,
            "column": 9
          },
          "end": {
            "line": 59,
            "column": 20
          }
        },
        "loc": {
          "start": {
            "line": 59,
            "column": 68
          },
          "end": {
            "line": 123,
            "column": 1
          }
        },
        "line": 59
      },
      "11": {
        "name": "(anonymous_11)",
        "decl": {
          "start": {
            "line": 87,
            "column": 26
          },
          "end": {
            "line": 87,
            "column": 27
          }
        },
        "loc": {
          "start": {
            "line": 87,
            "column": 32
          },
          "end": {
            "line": 115,
            "column": 9
          }
        },
        "line": 87
      },
      "12": {
        "name": "(anonymous_12)",
        "decl": {
          "start": {
            "line": 93,
            "column": 44
          },
          "end": {
            "line": 93,
            "column": 45
          }
        },
        "loc": {
          "start": {
            "line": 93,
            "column": 53
          },
          "end": {
            "line": 109,
            "column": 17
          }
        },
        "line": 93
      },
      "13": {
        "name": "(anonymous_13)",
        "decl": {
          "start": {
            "line": 96,
            "column": 29
          },
          "end": {
            "line": 96,
            "column": 30
          }
        },
        "loc": {
          "start": {
            "line": 96,
            "column": 41
          },
          "end": {
            "line": 96,
            "column": 65
          }
        },
        "line": 96
      },
      "14": {
        "name": "(anonymous_14)",
        "decl": {
          "start": {
            "line": 126,
            "column": 35
          },
          "end": {
            "line": 126,
            "column": 36
          }
        },
        "loc": {
          "start": {
            "line": 126,
            "column": 49
          },
          "end": {
            "line": 128,
            "column": 1
          }
        },
        "line": 126
      },
      "15": {
        "name": "(anonymous_15)",
        "decl": {
          "start": {
            "line": 129,
            "column": 23
          },
          "end": {
            "line": 129,
            "column": 24
          }
        },
        "loc": {
          "start": {
            "line": 129,
            "column": 32
          },
          "end": {
            "line": 137,
            "column": 1
          }
        },
        "line": 129
      }
    },
    "branchMap": {
      "0": {
        "loc": {
          "start": {
            "line": 26,
            "column": 6
          },
          "end": {
            "line": 28,
            "column": 7
          }
        },
        "type": "if",
        "locations": [
          {
            "start": {
              "line": 26,
              "column": 6
            },
            "end": {
              "line": 28,
              "column": 7
            }
          },
          {
            "start": {},
            "end": {}
          }
        ],
        "line": 26
      },
      "1": {
        "loc": {
          "start": {
            "line": 26,
            "column": 10
          },
          "end": {
            "line": 26,
            "column": 74
          }
        },
        "type": "binary-expr",
        "locations": [
          {
            "start": {
              "line": 26,
              "column": 10
            },
            "end": {
              "line": 26,
              "column": 28
            }
          },
          {
            "start": {
              "line": 26,
              "column": 32
            },
            "end": {
              "line": 26,
              "column": 74
            }
          }
        ],
        "line": 26
      },
      "2": {
        "loc": {
          "start": {
            "line": 37,
            "column": 13
          },
          "end": {
            "line": 37,
            "column": 69
          }
        },
        "type": "binary-expr",
        "locations": [
          {
            "start": {
              "line": 37,
              "column": 13
            },
            "end": {
              "line": 37,
              "column": 62
            }
          },
          {
            "start": {
              "line": 37,
              "column": 66
            },
            "end": {
              "line": 37,
              "column": 69
            }
          }
        ],
        "line": 37
      },
      "3": {
        "loc": {
          "start": {
            "line": 88,
            "column": 10
          },
          "end": {
            "line": 114,
            "column": 49
          }
        },
        "type": "cond-expr",
        "locations": [
          {
            "start": {
              "line": 88,
              "column": 27
            },
            "end": {
              "line": 114,
              "column": 12
            }
          },
          {
            "start": {
              "line": 114,
              "column": 16
            },
            "end": {
              "line": 114,
              "column": 49
            }
          }
        ],
        "line": 88
      },
      "4": {
        "loc": {
          "start": {
            "line": 104,
            "column": 20
          },
          "end": {
            "line": 107,
            "column": 59
          }
        },
        "type": "cond-expr",
        "locations": [
          {
            "start": {
              "line": 104,
              "column": 55
            },
            "end": {
              "line": 107,
              "column": 22
            }
          },
          {
            "start": {
              "line": 107,
              "column": 26
            },
            "end": {
              "line": 107,
              "column": 59
            }
          }
        ],
        "line": 104
      },
      "5": {
        "loc": {
          "start": {
            "line": 125,
            "column": 0
          },
          "end": {
            "line": 125,
            "column": 108
          }
        },
        "type": "binary-expr",
        "locations": [
          {
            "start": {
              "line": 125,
              "column": 0
            },
            "end": {
              "line": 125,
              "column": 42
            }
          },
          {
            "start": {
              "line": 125,
              "column": 46
            },
            "end": {
              "line": 125,
              "column": 108
            }
          }
        ],
        "line": 125
      },
      "6": {
        "loc": {
          "start": {
            "line": 130,
            "column": 2
          },
          "end": {
            "line": 130,
            "column": 19
          }
        },
        "type": "if",
        "locations": [
          {
            "start": {
              "line": 130,
              "column": 2
            },
            "end": {
              "line": 130,
              "column": 19
            }
          },
          {
            "start": {},
            "end": {}
          }
        ],
        "line": 130
      },
      "7": {
        "loc": {
          "start": {
            "line": 132,
            "column": 2
          },
          "end": {
            "line": 136,
            "column": 3
          }
        },
        "type": "if",
        "locations": [
          {
            "start": {
              "line": 132,
              "column": 2
            },
            "end": {
              "line": 136,
              "column": 3
            }
          },
          {
            "start": {
              "line": 134,
              "column": 9
            },
            "end": {
              "line": 136,
              "column": 3
            }
          }
        ],
        "line": 132
      }
    },
    "s": {
      "0": 19,
      "1": 10,
      "2": 10,
      "3": 10,
      "4": 10,
      "5": 10,
      "6": 10,
      "7": 0,
      "8": 10,
      "9": 0,
      "10": 0,
      "11": 10,
      "12": 12,
      "13": 12,
      "14": 10,
      "15": 10,
      "16": 10,
      "17": 6,
      "18": 10,
      "19": 10,
      "20": 17,
      "21": 10,
      "22": 10,
      "23": 0,
      "24": 10,
      "25": 10,
      "26": 19,
      "27": 19,
      "28": 19,
      "29": 19,
      "30": 10,
      "31": 10,
      "32": 0,
      "33": 0,
      "34": 19,
      "35": 19,
      "36": 19,
      "37": 0,
      "38": 19,
      "39": 0,
      "40": 0,
      "41": 0,
      "42": 0,
      "43": 0,
      "44": 0
    },
    "f": {
      "0": 10,
      "1": 0,
      "2": 0,
      "3": 12,
      "4": 10,
      "5": 6,
      "6": 10,
      "7": 17,
      "8": 10,
      "9": 0,
      "10": 10,
      "11": 10,
      "12": 0,
      "13": 0,
      "14": 0,
      "15": 0
    },
    "b": {
      "0": [
        12,
        0
      ],
      "1": [
        12,
        12
      ],
      "2": [
        10,
        0
      ],
      "3": [
        0,
        10
      ],
      "4": [
        0,
        0
      ],
      "5": [
        19,
        19
      ],
      "6": [
        0,
        0
      ],
      "7": [
        0,
        0
      ]
    },
    "inputSourceMap": {
      "version": 3,
      "mappings": ";AACA,SAAS,KAAK,WAAW,mBAAmB;AAC5C,SAAS,aAAa,eAAe;;;;;;;;;;;AAOrC,UAAM,QAAQ;AAMd,UAAM,OAAO;AAIb,UAAM,SAAS,IAAI,KAAK;AACxB,UAAM,eAAe,IAAwB,IAAI;AAEjD,UAAM,SAAS,MAAM;AACnB,aAAO,QAAQ,CAAC,OAAO;AAAA,IACzB;AAEA,UAAM,SAAS,CAAC,UAA2B;AACzC,WAAK,qBAAqB,KAAK;AAC/B,aAAO,QAAQ;AAAA,IACjB;AAEA,UAAM,qBAAqB,CAAC,UAAsB;AAChD,UAAI,aAAa,SAAS,CAAC,aAAa,MAAM,SAAS,MAAM,MAAc,GAAG;AAC5E,eAAO,QAAQ;AAAA,MACjB;AAAA,IACF;AAEA,cAAU,MAAM;AACd,eAAS,iBAAiB,SAAS,kBAAkB;AAAA,IACvD,CAAC;AAED,gBAAY,MAAM;AAChB,eAAS,oBAAoB,SAAS,kBAAkB;AAAA,IAC1D,CAAC;AAED,UAAM,WAAW,CAAC,QAAyB;AACvC,aAAO,MAAM,QAAQ,KAAK,OAAK,EAAE,UAAU,GAAG,GAAG,SAAS;AAAA,IAC9D;;;;;;;;;;;;EAIO,KAAI;AAAA,EAAe,OAAM;;;;EAoBxB,OAAM;;qBAED,OAAM,OAAM;;;uBAtBvB;AAAA,IAmCM;AAAA,IAnCN;AAAA,IAmCM;AAAA,MAlCJ,oBAOS;AAAA,QANN,SAAO;AAAA,QACR,MAAK;AAAA,QACL,OAAM;AAAA;;2BAEH,gBAAS,iBAAU,KAAI;AAAA,UAC1B;AAAA;AAAA;AAAA,qBAAuE;AAAA,UAA1D,OAAM;AAAA,UAA+B,eAAY;AAAA;;MAGhE,aAwBa;AAAA,QAvBX,sBAAmB;AAAA,QACnB,oBAAiB;AAAA,QACjB,kBAAe;AAAA,QACf,sBAAmB;AAAA,QACnB,oBAAiB;AAAA,QACjB,kBAAe;AAAA;0BAEf,MAeM;AAAA,UAdE,+BADR,oBAeM,OAfN,YAeM;AAAA,YAXJ,oBAUM,OAVN,YAUM;AAAA,iCATJ;AAAA,gBAQS;AAAA;AAAA,4BAPO,gBAAO,CAAd,QAAG;uCADZ,oBAQS;AAAA,oBANN,KAAK,IAAI;AAAA,oBACT,SAAK,YAAE,cAAO,IAAI,KAAK;AAAA,oBACxB,OAAM;AAAA;;uCAEH,IAAI,KAAK,IAAG;AAAA,sBACf;AAAA;AAAA;AAAA,oBAAe,sBAAe,IAAI,uBAAlC,aAA4E;AAAA;sBAAnC,OAAM;AAAA",
      "names": [],
      "ignoreList": [],
      "sources": [
        "/home/zjx/code/todo/frontend/src/components/BaseSelect.vue"
      ],
      "file": "/home/zjx/code/todo/frontend/src/components/BaseSelect.vue"
    },
    "_coverageSchema": "1a1c01bbd47fc00a2c39e90264f33305004495a9",
    "hash": "62bf909be0107e0e38eed70979c12f04db75511b"
  },
  "/home/zjx/code/todo/frontend/src/components/StatisticsPanel.vue": {
    "path": "/home/zjx/code/todo/frontend/src/components/StatisticsPanel.vue",
    "statementMap": {
      "0": {
        "start": {
          "line": 8,
          "column": 34
        },
        "end": {
          "line": 82,
          "column": 2
        }
      },
      "1": {
        "start": {
          "line": 11,
          "column": 4
        },
        "end": {
          "line": 11,
          "column": 15
        }
      },
      "2": {
        "start": {
          "line": 12,
          "column": 4
        },
        "end": {
          "line": 12,
          "column": 97
        }
      },
      "3": {
        "start": {
          "line": 13,
          "column": 18
        },
        "end": {
          "line": 13,
          "column": 27
        }
      },
      "4": {
        "start": {
          "line": 14,
          "column": 22
        },
        "end": {
          "line": 14,
          "column": 36
        }
      },
      "5": {
        "start": {
          "line": 15,
          "column": 23
        },
        "end": {
          "line": 15,
          "column": 61
        }
      },
      "6": {
        "start": {
          "line": 15,
          "column": 38
        },
        "end": {
          "line": 15,
          "column": 60
        }
      },
      "7": {
        "start": {
          "line": 16,
          "column": 27
        },
        "end": {
          "line": 16,
          "column": 94
        }
      },
      "8": {
        "start": {
          "line": 16,
          "column": 42
        },
        "end": {
          "line": 16,
          "column": 93
        }
      },
      "9": {
        "start": {
          "line": 16,
          "column": 73
        },
        "end": {
          "line": 16,
          "column": 85
        }
      },
      "10": {
        "start": {
          "line": 17,
          "column": 24
        },
        "end": {
          "line": 17,
          "column": 79
        }
      },
      "11": {
        "start": {
          "line": 17,
          "column": 39
        },
        "end": {
          "line": 17,
          "column": 78
        }
      },
      "12": {
        "start": {
          "line": 18,
          "column": 27
        },
        "end": {
          "line": 18,
          "column": 127
        }
      },
      "13": {
        "start": {
          "line": 18,
          "column": 42
        },
        "end": {
          "line": 18,
          "column": 126
        }
      },
      "14": {
        "start": {
          "line": 19,
          "column": 25
        },
        "end": {
          "line": 27,
          "column": 7
        }
      },
      "15": {
        "start": {
          "line": 19,
          "column": 41
        },
        "end": {
          "line": 27,
          "column": 5
        }
      },
      "16": {
        "start": {
          "line": 28,
          "column": 28
        },
        "end": {
          "line": 40,
          "column": 5
        }
      },
      "17": {
        "start": {
          "line": 41,
          "column": 20
        },
        "end": {
          "line": 54,
          "column": 6
        }
      },
      "18": {
        "start": {
          "line": 42,
          "column": 19
        },
        "end": {
          "line": 42,
          "column": 80
        }
      },
      "19": {
        "start": {
          "line": 42,
          "column": 50
        },
        "end": {
          "line": 42,
          "column": 72
        }
      },
      "20": {
        "start": {
          "line": 43,
          "column": 21
        },
        "end": {
          "line": 43,
          "column": 84
        }
      },
      "21": {
        "start": {
          "line": 43,
          "column": 52
        },
        "end": {
          "line": 43,
          "column": 76
        }
      },
      "22": {
        "start": {
          "line": 44,
          "column": 18
        },
        "end": {
          "line": 44,
          "column": 78
        }
      },
      "23": {
        "start": {
          "line": 44,
          "column": 49
        },
        "end": {
          "line": 44,
          "column": 70
        }
      },
      "24": {
        "start": {
          "line": 45,
          "column": 6
        },
        "end": {
          "line": 53,
          "column": 8
        }
      },
      "25": {
        "start": {
          "line": 55,
          "column": 23
        },
        "end": {
          "line": 65,
          "column": 5
        }
      },
      "26": {
        "start": {
          "line": 66,
          "column": 25
        },
        "end": {
          "line": 78,
          "column": 7
        }
      },
      "27": {
        "start": {
          "line": 67,
          "column": 6
        },
        "end": {
          "line": 67,
          "column": 22
        }
      },
      "28": {
        "start": {
          "line": 69,
          "column": 6
        },
        "end": {
          "line": 69,
          "column": 17
        }
      },
      "29": {
        "start": {
          "line": 71,
          "column": 6
        },
        "end": {
          "line": 71,
          "column": 24
        }
      },
      "30": {
        "start": {
          "line": 73,
          "column": 6
        },
        "end": {
          "line": 73,
          "column": 27
        }
      },
      "31": {
        "start": {
          "line": 75,
          "column": 6
        },
        "end": {
          "line": 75,
          "column": 27
        }
      },
      "32": {
        "start": {
          "line": 77,
          "column": 6
        },
        "end": {
          "line": 77,
          "column": 23
        }
      },
      "33": {
        "start": {
          "line": 79,
          "column": 4
        },
        "end": {
          "line": 79,
          "column": 95
        }
      },
      "34": {
        "start": {
          "line": 80,
          "column": 4
        },
        "end": {
          "line": 80,
          "column": 24
        }
      },
      "35": {
        "start": {
          "line": 84,
          "column": 19
        },
        "end": {
          "line": 84,
          "column": 130
        }
      },
      "36": {
        "start": {
          "line": 85,
          "column": 19
        },
        "end": {
          "line": 85,
          "column": 122
        }
      },
      "37": {
        "start": {
          "line": 86,
          "column": 19
        },
        "end": {
          "line": 86,
          "column": 59
        }
      },
      "38": {
        "start": {
          "line": 87,
          "column": 19
        },
        "end": {
          "line": 87,
          "column": 136
        }
      },
      "39": {
        "start": {
          "line": 88,
          "column": 19
        },
        "end": {
          "line": 88,
          "column": 70
        }
      },
      "40": {
        "start": {
          "line": 89,
          "column": 19
        },
        "end": {
          "line": 89,
          "column": 81
        }
      },
      "41": {
        "start": {
          "line": 90,
          "column": 19
        },
        "end": {
          "line": 90,
          "column": 107
        }
      },
      "42": {
        "start": {
          "line": 91,
          "column": 19
        },
        "end": {
          "line": 91,
          "column": 148
        }
      },
      "43": {
        "start": {
          "line": 92,
          "column": 19
        },
        "end": {
          "line": 92,
          "column": 73
        }
      },
      "44": {
        "start": {
          "line": 93,
          "column": 20
        },
        "end": {
          "line": 93,
          "column": 82
        }
      },
      "45": {
        "start": {
          "line": 94,
          "column": 20
        },
        "end": {
          "line": 94,
          "column": 114
        }
      },
      "46": {
        "start": {
          "line": 95,
          "column": 20
        },
        "end": {
          "line": 95,
          "column": 145
        }
      },
      "47": {
        "start": {
          "line": 96,
          "column": 20
        },
        "end": {
          "line": 96,
          "column": 73
        }
      },
      "48": {
        "start": {
          "line": 97,
          "column": 20
        },
        "end": {
          "line": 97,
          "column": 82
        }
      },
      "49": {
        "start": {
          "line": 98,
          "column": 20
        },
        "end": {
          "line": 98,
          "column": 112
        }
      },
      "50": {
        "start": {
          "line": 99,
          "column": 20
        },
        "end": {
          "line": 99,
          "column": 70
        }
      },
      "51": {
        "start": {
          "line": 100,
          "column": 20
        },
        "end": {
          "line": 100,
          "column": 46
        }
      },
      "52": {
        "start": {
          "line": 101,
          "column": 20
        },
        "end": {
          "line": 101,
          "column": 46
        }
      },
      "53": {
        "start": {
          "line": 103,
          "column": 2
        },
        "end": {
          "line": 201,
          "column": 5
        }
      },
      "54": {
        "start": {
          "line": 203,
          "column": 0
        },
        "end": {
          "line": 203,
          "column": 31
        }
      },
      "55": {
        "start": {
          "line": 204,
          "column": 0
        },
        "end": {
          "line": 204,
          "column": 109
        }
      },
      "56": {
        "start": {
          "line": 205,
          "column": 0
        },
        "end": {
          "line": 207,
          "column": 3
        }
      },
      "57": {
        "start": {
          "line": 206,
          "column": 2
        },
        "end": {
          "line": 206,
          "column": 42
        }
      },
      "58": {
        "start": {
          "line": 208,
          "column": 0
        },
        "end": {
          "line": 216,
          "column": 3
        }
      },
      "59": {
        "start": {
          "line": 209,
          "column": 2
        },
        "end": {
          "line": 209,
          "column": 19
        }
      },
      "60": {
        "start": {
          "line": 209,
          "column": 12
        },
        "end": {
          "line": 209,
          "column": 19
        }
      },
      "61": {
        "start": {
          "line": 210,
          "column": 47
        },
        "end": {
          "line": 210,
          "column": 50
        }
      },
      "62": {
        "start": {
          "line": 211,
          "column": 2
        },
        "end": {
          "line": 215,
          "column": 3
        }
      },
      "63": {
        "start": {
          "line": 212,
          "column": 4
        },
        "end": {
          "line": 212,
          "column": 66
        }
      },
      "64": {
        "start": {
          "line": 214,
          "column": 4
        },
        "end": {
          "line": 214,
          "column": 57
        }
      }
    },
    "fnMap": {
      "0": {
        "name": "(anonymous_0)",
        "decl": {
          "start": {
            "line": 10,
            "column": 2
          },
          "end": {
            "line": 10,
            "column": 3
          }
        },
        "loc": {
          "start": {
            "line": 10,
            "column": 39
          },
          "end": {
            "line": 81,
            "column": 3
          }
        },
        "line": 10
      },
      "1": {
        "name": "(anonymous_1)",
        "decl": {
          "start": {
            "line": 15,
            "column": 32
          },
          "end": {
            "line": 15,
            "column": 33
          }
        },
        "loc": {
          "start": {
            "line": 15,
            "column": 38
          },
          "end": {
            "line": 15,
            "column": 60
          }
        },
        "line": 15
      },
      "2": {
        "name": "(anonymous_2)",
        "decl": {
          "start": {
            "line": 16,
            "column": 36
          },
          "end": {
            "line": 16,
            "column": 37
          }
        },
        "loc": {
          "start": {
            "line": 16,
            "column": 42
          },
          "end": {
            "line": 16,
            "column": 93
          }
        },
        "line": 16
      },
      "3": {
        "name": "(anonymous_3)",
        "decl": {
          "start": {
            "line": 16,
            "column": 65
          },
          "end": {
            "line": 16,
            "column": 66
          }
        },
        "loc": {
          "start": {
            "line": 16,
            "column": 73
          },
          "end": {
            "line": 16,
            "column": 85
          }
        },
        "line": 16
      },
      "4": {
        "name": "(anonymous_4)",
        "decl": {
          "start": {
            "line": 17,
            "column": 33
          },
          "end": {
            "line": 17,
            "column": 34
          }
        },
        "loc": {
          "start": {
            "line": 17,
            "column": 39
          },
          "end": {
            "line": 17,
            "column": 78
          }
        },
        "line": 17
      },
      "5": {
        "name": "(anonymous_5)",
        "decl": {
          "start": {
            "line": 18,
            "column": 36
          },
          "end": {
            "line": 18,
            "column": 37
          }
        },
        "loc": {
          "start": {
            "line": 18,
            "column": 42
          },
          "end": {
            "line": 18,
            "column": 126
          }
        },
        "line": 18
      },
      "6": {
        "name": "(anonymous_6)",
        "decl": {
          "start": {
            "line": 19,
            "column": 34
          },
          "end": {
            "line": 19,
            "column": 35
          }
        },
        "loc": {
          "start": {
            "line": 19,
            "column": 41
          },
          "end": {
            "line": 27,
            "column": 5
          }
        },
        "line": 19
      },
      "7": {
        "name": "(anonymous_7)",
        "decl": {
          "start": {
            "line": 41,
            "column": 29
          },
          "end": {
            "line": 41,
            "column": 30
          }
        },
        "loc": {
          "start": {
            "line": 41,
            "column": 35
          },
          "end": {
[...]
      ],
      "207": [
        4,
        20
      ],
      "208": [
        24,
        0
      ],
      "209": [
        36,
        0
      ],
      "210": [
        32,
        4
      ],
      "211": [
        37,
        83
      ],
      "212": [
        4,
        20
      ],
      "213": [
        26,
        14
      ],
      "214": [
        24,
        0
      ],
      "215": [
        24,
        0
      ],
      "216": [
        5,
        4
      ],
      "217": [
        6,
        2
      ],
      "218": [
        0,
        9
      ],
      "219": [
        48,
        17
      ],
      "220": [
        48,
        101
      ],
      "221": [
        0,
        3
      ],
      "222": [
        0,
        3
      ],
      "223": [
        0,
        3
      ],
      "224": [
        0,
        3
      ],
      "225": [
        0,
        3
      ],
      "226": [
        0,
        3
      ],
      "227": [
        0,
        60
      ],
      "228": [
        0,
        3
      ],
      "229": [
        0,
        9
      ],
      "230": [
        0,
        9
      ],
      "231": [
        0,
        3
      ],
      "232": [
        0,
        3
      ],
      "233": [
        0,
        9
      ],
      "234": [
        45,
        104
      ],
      "235": [
        0,
        3
      ],
      "236": [
        0,
        3
      ],
      "237": [
        0,
        3
      ],
      "238": [
        0,
        3
      ],
      "239": [
        3,
        3
      ],
      "240": [
        0,
        0
      ],
      "241": [
        0,
        0
      ]
    },
    "inputSourceMap": {
      "version": 3,
      "mappings": ";AACA,SAAS,KAAK,WAAW,gBAAgB;AACzC,SAAS,eAAe;AACxB,SAAS,oBAA6C;AACtD,SAAS,qBAAqB;AAC9B,SAAS,uBAAuB;AAChC;AAAA,EACE;AAAA,EAAQ;AAAA,EAAS;AAAA,EAAe;AAAA,EAAU;AAAA,EAAa;AAAA,EACvD;AAAA,EAAS;AAAA,EAAmB;AAAA,EAAW;AAAA,EAAY;AAAA,EAAO;AAAA,EAC1D;AAAA,EAAW;AAAA,EAAQ;AAAA,EAAU;AAAA,EAAe;AAAA,OACvC;AACP,OAAO,gBAAgB;AACvB,OAAO,qBAAqB;;;;;AAE5B,UAAM,EAAE,GAAG,OAAO,IAAI,QAAQ;AAC9B,UAAM,YAAY,aAAa;AAC/B,UAAM,aAAa,cAAc;AACjC,UAAM,eAAe,gBAAgB;AAErC,UAAM,YAAY,IAAI,KAAK;AAC3B,UAAM,cAAc,IAAI,IAAI;AAE5B,UAAM,kBAAkB,SAAS,MAAM;AAAA,MACnC,EAAE,OAAO,QAAQ,OAAO,EAAE,eAAe,EAAE;AAAA,MAC3C,EAAE,OAAO,UAAU,OAAO,EAAE,iBAAiB,EAAE;AAAA,MAC/C,EAAE,OAAO,OAAO,OAAO,EAAE,cAAc,EAAE;AAAA,IAC7C,CAAC;AAED,UAAM,iBAAiB,SAAS,MAAM;AAAA,MACpC,EAAE,OAAO,IAAI,OAAO,EAAE,OAAO,EAAE;AAAA;AAAA,MAC/B,GAAG,aAAa,SAAS,IAAI,QAAM,EAAE,OAAO,EAAE,IAAI,OAAO,EAAE,KAAK,EAAE;AAAA,IACpE,CAAC;AAED,UAAM,oBAAoB,MAAM;AAC9B,YAAM,IAAI,oBAAI,KAAK;AACnB,QAAE,QAAQ,EAAE,QAAQ,IAAI,CAAC;AACzB,QAAE,WAAW,EAAE,WAAW,IAAI,EAAE,kBAAkB,CAAC;AACnD,aAAO,EAAE,YAAY,EAAE,MAAM,GAAG,EAAE;AAAA,IACpC;AAGA,UAAM,OAAO,IAAI;AAAA,MACf,IAAI;AAAA,MACJ,OAAO;AAAA,MACP,aAAa;AAAA,MACb,UAAU;AAAA,MACV,UAAU,kBAAkB;AAAA,MAC5B,MAAM;AAAA,MACN,YAAY;AAAA;AAAA,IACd,CAAC;AAGD,UAAM,mBAAmB,IAAI,KAAK;AAClC,UAAM,cAAc,IAAI;AAAA,MACtB,MAAM;AAAA,MACN,aAAa;AAAA,MACb,OAAO;AAAA,IACT,CAAC;AAED,UAAM,YAAY,IAAI,KAAK;AAC3B,UAAM,YAAY,SAAS,MAAM,CAAC,CAAC,KAAK,MAAM,EAAE;AAEhD,UAAM,SAAS,IAAoC,KAAK;AACxD,UAAM,cAAc,IAAI,EAAE;AAC1B,UAAM,mBAAmB,IAAmB,IAAI;AAMhD,UAAM,qBAAqB,SAAS,MAAM;AACxC,UAAI,iBAAiB,UAAU,KAAM,QAAO,EAAE,WAAW;AACzD,UAAI,iBAAiB,UAAU,GAAI,QAAO,EAAE,OAAO;AACnD,YAAM,IAAI,aAAa,SAAS,KAAK,CAAAA,OAAKA,GAAE,OAAO,iBAAiB,KAAK;AACzE,aAAO,IAAI,EAAE,OAAO;AAAA,IACtB,CAAC;AAGD,UAAM,kBAAkB,IAAI,EAAE;AAE9B,cAAU,MAAM;AACd,gBAAU,WAAW;AACrB,mBAAa,cAAc;AAAA,IAC7B,CAAC;AAED,UAAM,eAAe,MAAM;AACzB,WAAK,QAAQ;AAAA,QACX,IAAI;AAAA,QACJ,OAAO;AAAA,QACP,aAAa;AAAA,QACb,UAAU;AAAA,QACV,UAAU,kBAAkB;AAAA,QAC5B,MAAM;AAAA,QACN,YAAY,iBAAiB,SAAS,iBAAiB,QAAQ,IAAI,iBAAiB,QAAQ;AAAA,MAC9F;AACA,gBAAU,QAAQ;AAAA,IACpB;AAEA,UAAM,gBAAgB,CAAC,SAAe;AACpC,UAAI,UAAU;AACd,UAAI,KAAK,UAAU;AACf,cAAM,IAAI,IAAI,KAAK,KAAK,QAAQ;AAChC,cAAM,SAAS,EAAE,kBAAkB,IAAI;AACvC,cAAM,eAAgB,IAAI,KAAK,EAAE,QAAQ,IAAI,MAAM,EAAG,YAAY,EAAE,MAAM,GAAG,EAAE;AAC/E,kBAAU;AAAA,MACd;AAEA,WAAK,QAAQ;AAAA,QACX,IAAI,KAAK;AAAA,QACT,OAAO,KAAK;AAAA,QACZ,aAAa,KAAK,eAAe;AAAA,QACjC,UAAU,KAAK,YAAY;AAAA,QAC3B,UAAU;AAAA,QACV,MAAM,KAAK,OAAO,KAAK,KAAK,KAAK,IAAI,IAAI;AAAA,QACzC,YAAY,KAAK,cAAc;AAAA,MACjC;AACA,gBAAU,QAAQ;AAAA,IACpB;AAEA,UAAM,eAAe,YAAY;AAC/B,UAAI,CAAC,KAAK,MAAM,MAAM,KAAK,EAAG;AAE9B,YAAM,aAAa,KAAK,MAAM,WAAW,IAAI,KAAK,KAAK,MAAM,QAAQ,EAAE,YAAY,IAAI;AACvF,YAAM,OAAO,KAAK,MAAM,KAAK,MAAM,GAAG,EAAE,IAAI,CAAAC,OAAKA,GAAE,KAAK,CAAC,EAAE,OAAO,CAAAA,OAAKA,EAAC;AACxE,YAAM,YAAY,KAAK,MAAM,eAAe,KAAK,OAAO,KAAK,MAAM;AAEnE,UAAI,UAAU,SAAS,KAAK,MAAM,IAAI;AAClC,cAAM,UAAU,WAAW,KAAK,MAAM,IAAI;AAAA,UACxC,OAAO,KAAK,MAAM;AAAA,UAClB,aAAa,KAAK,MAAM;AAAA,UACxB,UAAU,KAAK,MAAM;AAAA,UACrB,UAAU;AAAA,UACV;AAAA,UACA,YAAY;AAAA,QACd,CAAC;AAAA,MACL,OAAO;AACH,cAAM,UAAU;AAAA,UACd,KAAK,MAAM;AAAA,UACX,KAAK,MAAM;AAAA,UACX;AAAA,UACA,KAAK,MAAM;AAAA,UACX;AAAA,UACA;AAAA,QACF;AAAA,MACJ;AACA,gBAAU,QAAQ;AAAA,IACpB;AAGA,UAAM,sBAAsB,YAAY;AACtC,UAAI,CAAC,YAAY,MAAM,KAAK,KAAK,EAAG;AACpC,YAAM,aAAa,WAAW,YAAY,MAAM,MAAM,YAAY,MAAM,aAAa,YAAY,MAAM,KAAK;AAC5G,uBAAiB,QAAQ;AACzB,kBAAY,QAAQ,EAAE,MAAM,IAAI,aAAa,IAAI,OAAO,UAAU;AAAA,IACpE;AAEA,UAAM,gBAAgB,OAAO,OAAe;AAC1C,UAAI,QAAQ,EAAE,wBAAwB,KAAK,sBAAsB,GAAG;AAClE,cAAM,aAAa,cAAc,EAAE;AACnC,YAAI,iBAAiB,UAAU,IAAI;AACjC,2BAAiB,QAAQ;AAAA,QAC3B;AAAA,MACF;AAAA,IACF;AAGA,UAAM,aAAa,YAAY;AAC7B,UAAI,CAAC,gBAAgB,MAAM,KAAK,KAAK,CAAC,KAAK,MAAM,GAAI;AACrD,YAAM,UAAU,WAAW,KAAK,MAAM,IAAI,gBAAgB,KAAK;AAC/D,sBAAgB,QAAQ;AAAA,IAC1B;AAEA,UAAM,gBAAgB,OAAO,YAAqB;AAChD,YAAM,UAAU,cAAc,QAAQ,IAAI,EAAE,WAAW,CAAC,QAAQ,UAAU,CAAC;AAAA,IAC7E;AAEA,UAAM,gBAAgB,OAAO,OAAe;AAC1C,YAAM,UAAU,cAAc,EAAE;AAAA,IAClC;AAEA,UAAM,gBAAgB,SAAS,MAAM;AACnC,UAAI,QAAQ,UAAU;AAGtB,UAAI,iBAAiB,UAAU,IAAI;AACjC,gBAAQ,MAAM,OAAO,CAAAA,OAAKA,GAAE,eAAe,IAAI;AAAA,MACjD,WAAW,iBAAiB,UAAU,MAAM;AAC1C,gBAAQ,MAAM,OAAO,CAAAA,OAAKA,GAAE,eAAe,iBAAiB,KAAK;AAAA,MACnE;AAGA,UAAI,YAAY,MAAM,KAAK,GAAG;AAC1B,cAAM,IAAI,YAAY,MAAM,YAAY;AACxC,gBAAQ,MAAM;AAAA,UAAO,CAAAA,OACnBA,GAAE,MAAM,YAAY,EAAE,SAAS,CAAC,KAC/BA,GAAE,eAAeA,GAAE,YAAY,YAAY,EAAE,SAAS,CAAC,KACvDA,GAAE,QAAQA,GAAE,KAAK,KAAK,SAAO,IAAI,YAAY,EAAE,SAAS,CAAC,CAAC;AAAA,QAC7D;AAAA,MACJ;AAEA,UAAI,OAAO,UAAU,SAAU,QAAO,MAAM,OAAO,CAACA,OAAM,CAACA,GAAE,SAAS;AACtE,UAAI,OAAO,UAAU,YAAa,QAAO,MAAM,OAAO,CAACA,OAAMA,GAAE,SAAS;AACxE,aAAO;AAAA,IACT,CAAC;AAED,UAAM,iBAAiB,MAAM;AAC3B,aAAO,QAAQ,OAAO,UAAU,OAAO,OAAO;AAAA,IAChD;AAEA,UAAM,mBAAmB,CAAC,MAAc;AACtC,cAAQ,GAAG;AAAA,QACT,KAAK;AAAQ,iBAAO;AAAA,QACpB,KAAK;AAAU,iBAAO;AAAA,QACtB,KAAK;AAAO,iBAAO;AAAA,QACnB;AAAS,iBAAO;AAAA,MAClB;AAAA,IACF;AAEA,UAAM,aAAa,CAAC,YAA2B;AAC3C,UAAI,CAAC,QAAS,QAAO;AACrB,aAAO,IAAI,KAAK,OAAO,EAAE,eAAe,OAAO,UAAU,OAAO,UAAU,SAAS;AAAA,QAC/E,OAAO;AAAA,QAAS,KAAK;AAAA,QAAW,MAAM;AAAA,QAAW,QAAQ;AAAA,MAC7D,CAAC;AAAA,IACL;AAEA,UAAM,mBAAmB,CAAC,SAAwB,cAAuB;AACrE,UAAI,CAAC,WAAW,UAAW,QAAO,EAAE,QAAQ,IAAI,OAAO,IAAI,OAAO,GAAG;AAErE,YAAM,MAAM,oBAAI,KAAK;AACrB,YAAM,MAAM,IAAI,KAAK,OAAO;AAC5B,YAAM,OAAO,IAAI,QAAQ,IAAI,IAAI,QAAQ;AACzC,YAAM,QAAQ,QAAQ,MAAO,KAAK;AAElC,UAAI,OAAO,GAAG;AACV,eAAO,EAAE,QAAQ,WAAW,OAAO,WAAW,OAAO,2CAA2C;AAAA,MACpG,WAAW,SAAS,IAAI;AACpB,eAAO,EAAE,QAAQ,QAAQ,OAAO,YAAY,OAAO,mDAAmD;AAAA,MAC1G;AACA,aAAO,EAAE,QAAQ,UAAU,OAAO,IAAI,OAAO,qCAAqC;AAAA,IACtF;AAEA,UAAM,sBAAsB,SAAS,MAAM;AACzC,UAAI,CAAC,KAAK,MAAM,GAAI,QAAO,CAAC;AAC5B,YAAM,OAAO,UAAU,MAAM,KAAK,CAAAA,OAAKA,GAAE,OAAO,KAAK,MAAM,EAAE;AAC7D,aAAO,OAAO,KAAK,WAAW,CAAC;AAAA,IACjC,CAAC;;;;;;;;;;;;;;;;;;;;;;;;;;;;;;;;;;;;;;;;;qBAIM,OAAM,mJAAkJ;qBAOpJ,OAAM,MAAK;qBACV,OAAM,4GAA2G;qBAKhH,OAAM,YAAW;qBAmBjB,OAAM,OAAM;qBACV,OAAM,8CAA6C;qBAClD,OAAM,4DAA2D;qBAKlE,OAAM,YAAW;;sBAQb,OAAM,0BAAyB;;sBAcxC,OAAM,sDAAqD;sBAC1D,OAAM,8BAA6B;sBAG9B,OAAM,+DAA8D;sBAElE,OAAM,wGAAuG;sBAG9G,OAAM,sDAAqD;sBAG7D,OAAM,0BAAyB;sBAC3B,OAAM,iBAAgB;;;;;sBAqD1B,OAAM,0IAAyI;sBAG9I,OAAM,0IAAyI;sBAIlJ,OAAM,8DAA6D;;sBAiBnE,OAAM,YAAW;sBAQX,OAAM,yBAAwB;;sBAS1B,OAAM,iBAAgB;sBAClB,OAAM,2CAA0C;;;EAIpB,OAAM;;;sBAY9B,OAAM,aAAY;;;EAcA,OAAM;;;;EAKqB,OAAM;;sBACrD,OAAM,iDAAgD;sBAItD,OAAM,2EAA0E;sBAOtF,OAAM,kIAAiI;;;;;EAmB7G,OAAM;;sBACpC,OAAM,wIAAuI;sBAG/I,OAAM,iDAAgD;;;EAO7C,OAAM;;sBACnB,OAAM,oMAAmM;sBAErM,OAAM,gJAA+I;sBAClJ,OAAM,gEAA+D;sBAOxE,OAAM,gCAA+B;sBAG3B,OAAM,yEAAwE;;sBAY9E,OAAM,yEAAwE;;sBASpF,OAAM,yBAAwB;sBAEnB,OAAM,yEAAwE;sBAI9E,OAAM,yEAAwE;sBAUzF,OAAM,yBAAwB;sBAEnB,OAAM,yEAAwE;sBAI9E,OAAM,yEAAwE;;;sBAYnF,OAAM,uEAAsE;sBAC9E,OAAM,iBAAgB;;;sBAwBtB,OAAM,0BAAyB;;sBAcvC,OAAM,kIAAiI;;;EAkBvH,OAAM;;sBAC1B,OAAM,sIAAqI;sBACvI,OAAM,kIAAiI;sBACpI,OAAM,gEAA+D;sBAKxE,OAAM,gBAAe;sBAEX,OAAM,yEAAwE;sBAS9E,OAAM,yEAAwE;sBAChF,OAAM,uBAAsB;;sBAYpC,OAAM,oHAAmH;;uBApZxI,oBA+ZM,OA/ZN,YA+ZM;AAAA,IA7ZJ;AAAA,IACA;AAAA,MAuDQ;AAAA;AAAA,QAtDN,OAAK,iBAAC,8HAA4H,aAC7G,mBAAW;AAAA;;QAEhC,oBAkDM,OAlDN,YAkDM;AAAA,UAjDJ,oBAGK,MAHL,YAGK;AAAA,YAFD,aAAwD;AAAA,cAAzC,QAAO;AAAA,cAAO,OAAM;AAAA;;cAAqB;AAAA,cAE5D;AAAA;AAAA;AAAA;UAEA,oBAiBM,OAjBN,YAiBM;AAAA,YAhBJ;AAAA,cAOS;AAAA;AAAA,gBANN,SAAK,sCAAE,0BAAgB;AAAA,gBACxB,OAAK,iBAAC,uGACE,4BAAgB;AAAA;;gBAExB,aAAoB,oBAAZ,MAAK,KAAI;AAAA;kBAAG,MACpB,iBAAG,SAAC;AAAA;AAAA;AAAA;AAAA;;;;YAEN;AAAA,cAOS;AAAA;AAAA,gBANN,SAAK,sCAAE,0BAAgB;AAAA,gBACxB,OAAK,iBAAC,uGACE,4BAAgB;AAAA;;gBAExB,aAAsB,sBAAZ,MAAK,KAAI;AAAA;kBAAG,MACtB,iBAAG,SAAC;AAAA;AAAA;AAAA;AAAA;;;;;UAIR,oBAwBM,OAxBN,YAwBM;AAAA,YAvBJ,oBAKM,OALN,YAKM;AAAA,cAJJ;AAAA,gBAA4G;AAAA,gBAA5G;AAAA,gBAA4G,iBAAnC,SAAC;AAAA;AAAA;AAAA;AAAA,cAC1E,oBAES;AAAA,gBAFA,SAAK,sCAAE,0BAAgB;AAAA,gBAAS,OAAM;AAAA;gBAC7C,aAAkC;AAAA,kBAA1B,MAAK;AAAA,kBAAK,QAAO;AAAA;;;YAG7B,oBAgBM,OAhBN,YAgBM;AAAA,iCAfJ;AAAA,gBAcM;AAAA;AAAA,4BAbc,oBAAa,UAAQ,CAAhC,YAAO;uCADhB,oBAcM;AAAA,oBAZH,KAAK,QAAQ;AAAA,oBACd,OAAK,iBAAC,qHACE,4BAAqB,QAAQ,KAAE;AAAA,oBACtC,SAAK,YAAE,0BAAmB,QAAQ;AAAA;oBAEnC,oBAGM,OAHN,aAGM;AAAA,sBAFJ;AAAA,wBAAsF;AAAA;AAAA,0BAAhF,OAAM;AAAA,0BAAwB,OAAK,mCAAqB,QAAQ,MAAK;AAAA;;;;;;wBAAW,MACtF,iBAAG,QAAQ,IAAI;AAAA;AAAA;AAAA;AAAA;oBAEjB,oBAES;AAAA,sBAFA,SAAK,2BAAO,qBAAc,QAAQ,EAAE;AAAA,sBAAG,OAAM;AAAA;sBACpD,aAAiB,iBAAZ,MAAK,KAAI;AAAA;;;;;;;;;;;;;IAQ1B;AAAA,IACA,oBAsLO,QAtLP,aAsLO;AAAA,MArLL,oBAoLM,OApLN,aAoLM;AAAA,QAlLJ;AAAA,QACA,oBA2CS,UA3CT,aA2CS;AAAA,UA1CP,oBAKM;AAAA,YAJF;AAAA,cAEK;AAAA,cAFL;AAAA,cAEK,iBADE,yBAAkB;AAAA;AAAA;AAAA;AAAA,YAEzB;AAAA,cAA+L;AAAA,cAA/L;AAAA,cAA+L,sCAAzH,KAAI,GAAG,mBAAmB,kBAAM;AAAA;AAAA;AAAA;AAAA;UAG1G,oBAkCM,OAlCN,aAkCM;AAAA,YAjCF,oBAQM,OARN,aAQM;AAAA,cAPF,aAAqJ;AAAA,gBAAlI,OAAM;AAAA,gBAAgH,MAAK;AAAA;8BAC9I,oBAKE;AAAA,6EAJW,qBAAW;AAAA,gBACpB,MAAK;AAAA,gBACJ,aAAa,SAAC;AAAA,gBACf,OAAM;AAAA;8BAHG,kBAAW;AAAA;;YAM5B,oBAQS;AAAA,cAPN,SAAK,sCAAE,kBAAW,YAAW;AAAA,cAC9B,OAAM;AAAA,cACL,OAAO,kBAAW;AAAA;cAEN,kBAAW,UAAK,yBAA7B,aAAuD;AAAA;gBAAZ,MAAK;AAAA,oBAC7B,kBAAW,UAAK,wBAAnC,aAA4D;AAAA;gBAAZ,MAAK;AAAA,mCACrD,aAA8B;AAAA;gBAAZ,MAAK;AAAA;;YAEzB,oBAOS;AAAA,cANN,SAAK,sCAAE,mBAAS,CAAI;AAAA,cACrB,OAAK,iBAAC,wJAAsJ,2DAEzF,iBAAS;AAAA,cAD3E,OAAO,SAAC;AAAA;cAGT,aAAwB,wBAAZ,MAAK,KAAI;AAAA;YAEvB,oBAMS;AAAA,cALN,SAAO;AAAA,cACR,OAAM;AAAA,cACL,OAAO,SAAC;AAAA;cAET,aAAyB,yBAAZ,MAAK,KAAI;AAAA;;;QAK9B;AAAA,QACA,aASa;AAAA,UARX,sBAAmB;AAAA,UACnB,oBAAiB;AAAA,UACjB,kBAAe;AAAA,UACf,sBAAmB;AAAA,UACnB,oBAAiB;AAAA,UACjB,kBAAe;AAAA;4BAEf,MAAoC;AAAA,YAAb,kCAAvB,aAAoC;;;;;QAGtC;AAAA,QACA,oBAQS;AAAA,UAPN,SAAO;AAAA,UACR,OAAM;AAAA;UAEN,oBAEM,OAFN,aAEM;AAAA,YADF,aAAkC;AAAA,cAA1B,QAAO;AAAA,cAAO,MAAK;AAAA;;UAE/B;AAAA,YAA2K;AAAA,YAA3K;AAAA,YAA2K,iBAAlB,SAAC;AAAA;AAAA;AAAA;AAAA;QAG5J;AAAA,QACA,oBAcM,OAdN,aAcM;AAAA,yBAbJ;AAAA,YAYS;AAAA;AAAA,wBAXK,gCAA8B,CAAnC,MAAC;qBADV,oBAYS;AAAA,gBAVN,KAAK;AAAA,gBACL,SAAK,YAAE,gBAAS;AAAA,gBACjB,OAAK;AAAA,kBAAC;AAAA,kBACiB,kBAAW;;kCAM/B,SAAE,CAAC;AAAA;;;;;QAIV;AAAA,QACA,oBA0FM,OA1FN,aA0FM;AAAA,UAzFJ,aAiFmB,oBAjFD,MAAK,OAAM;AAAA,8BAEzB,MAA6B;AAAA,iCAD7B;AAAA,gBA+EM;AAAA;AAAA,4BA9ES,sBAAa,CAArB,SAAI;uCADX,oBA+EM;AAAA,oBA7EL,KAAK,KAAK;AAAA,oBACX,OAAM;AAAA;oBAEN;AAAA,oBACA,oBAwEM,OAxEN,aAwEM;AAAA,sBAvEF,oBAMS;AAAA,wBALJ,SAAK,YAAE,iBAAU,WAAW,KAAK,IAAE,cAAgB,KAAK,UAAS;AAAA,wBAClE,OAAM;AAAA;wBAEe,KAAK,2BAA1B,aAAkG;AAAA;0BAA7D,QAAO;AAAA,0BAAO,OAAM;AAAA,0BAA6B,MAAK;AAAA,6CAC3F,aAA2C;AAAA;0BAA1B,QAAO;AAAA,0BAAO,MAAK;AAAA;;sBAGxC,oBA6CM,OA7CN,aA6CM;AAAA,wBA5CF,oBAqBM,OArBN,aAqBM;AAAA,0BApBF;AAAA,4BAEO;AAAA;AAAA,8BAFA,OAAK,0FAA4E,wBAAiB,KAAK,QAAQ;AAAA;6CAC/G,SAAC,eAAgB,KAAK,YAAQ;AAAA;AAAA;AAAA;AAAA,0BAEzB,KAAK,4BAAjB,oBAGO,QAHP,aAGO;AAAA,4BAFJ;AAAA,8BAA6I;AAAA;AAAA,gCAAvI,OAAM;AAAA,gCAA4B,OAAK,mCAAqB,oBAAa,SAAS,KAAK,OAAK,EAAE,OAAO,KAAK,UAAU,GAAG,MAAK;AAAA;;;;;;8BAAW,MAC7I,iBAAG,oBAAa,SAAS,KAAK,OAAK,EAAE,OAAO,KAAK,UAAU,GAAG,IAAI;AAAA;AAAA;AAAA;AAAA;0BAEzD,KAAK,0BAAjB;AAAA,4BAOO;AAAA;AAAA;8BAPqB,OAAK,qHAAuG,wBAAiB,KAAK,UAAU,KAAK,SAAS,EAAE,KAAK;AAAA;;8BAC1K,wBAAiB,KAAK,UAAU,KAAK,SAAS,EAAE,WAAM,2BAArE,aAA+G;AAAA;gCAA1B,MAAK;AAAA,gCAAK,QAAO;AAAA,mDACtG,aAA4C;AAAA;gCAA1B,MAAK;AAAA,gCAAK,QAAO;AAAA;;gCAAS,MAC5C,iBAAG,kBAAW,KAAK,QAAQ,KAAI;AAAA,gCAC/B;AAAA;AAAA;AAAA,8BAAY,wBAAiB,KAAK,UAAU,KAAK,SAAS,EAAE,uBAA5D;AAAA,gCAEO;AAAA;AAAA,gCAF4D,OAC9D,iBAAG,SAAE,wBAAiB,KAAK,UAAU,KAAK,SAAS,EAAE,KAAK,KAAI;AAAA,gCACnE;AAAA;AAAA;;;;;0BAEJ,oBAIM,OAJN,aAIM;AAAA,+CAHF;AAAA,8BAEO;AAAA;AAAA,0CAFa,KAAK,MAAI,CAAhB,QAAG;qDAAhB;AAAA,kCAEO;AAAA;AAAA,oCAFyB,KAAK;AAAA,oCAAK,OAAM;AAAA;kCAA6G,OACxJ,iBAAG,GAAG;AAAA;AAAA;AAAA;AAAA;;;;;;wBAKnB;AAAA,0BAKK;AAAA;AAAA,4BAJD,OAAK,iBAAC,sFAAoF,qDAC7B,KAAK,UAAS;AAAA;2CAExE,KAAK,KAAK;AAAA;AAAA;AAAA;AAAA,wBAGR,KAAK,6BAAd;AAAA,0BAEI;AAAA,0BAFJ;AAAA,0BAEI,iBADG,KAAK,WAAW;AAAA;AAAA;AAAA;wBAGvB;AAAA,wBACW,KAAK,YAAY,KAAK,SAAS,SAAM,mBAAhD,oBAQM,OARN,aAQM;AAAA,0BAPJ,oBAGM,OAHN,aAGM;AAAA,4BAFJ,aAA+B,2BAAhB,QAAO,OAAM;AAAA,4BAC5B;AAAA,8BAA2F;AAAA;AAAA,+CAAlF,KAAK,SAAS,OAAO,OAAK,EAAE,SAAS,EAAE,MAAM,IAAG,MAAC,iBAAG,KAAK,SAAS,MAAM;AAAA;AAAA;AAAA;AAAA;0BAEnF,oBAEM,OAFN,aAEM;AAAA,4BADJ;AAAA,8BAA4K;AAAA;AAAA,gCAAvK,OAAM;AAAA,gCAAqD,OAAK,4BAAe,KAAK,SAAS,OAAO,OAAK,EAAE,SAAS,EAAE,SAAS,KAAK,SAAS,SAAM;AAAA;;;;;;;;sBAKhK;AAAA,sBACA,oBAcM,OAdN,aAcM;AAAA,wBAbF,oBAMS;AAAA,0BALJ,SAAK,YAAE,qBAAc,IAAI;AAAA,0BAC1B,OAAM;AAAA,0BACL,OAAO,SAAC;AAAA;0BAET,aAAoC;AAAA,4BAA1B,MAAK;AAAA,4BAAK,QAAO;AAAA;;wBAE/B,oBAKS;AAAA,0BAJJ,SAAK,YAAE,iBAAU,WAAW,KAAK,EAAE;AAAA,0BACpC,OAAM;AAAA;0BAEN,aAAmC;AAAA,4BAA1B,MAAK;AAAA,4BAAK,QAAO;AAAA;;;;;;;;;;;;;UAO/B,qBAAc,WAAM,mBAA/B,oBAKM,OALN,aAKM;AAAA,YAJF,oBAEM,OAFN,aAEM;AAAA,cADF,aAA4C;AAAA,gBAA7B,MAAK;AAAA,gBAAK,QAAO;AAAA;;YAEpC;AAAA,cAAqG;AAAA,cAArG;AAAA,cAAqG,iBAAxC,SAAC;AAAA;AAAA;AAAA;AAAA;;;;IAMxE;AAAA,IACW,kCAAX,oBA2HM,OA3HN,aA2HM;AAAA,MA1HF,oBAyHM,OAzHN,aAyHM;AAAA,QAxHF;AAAA,QACA,oBAKM,OALN,aAKM;AAAA,UAJF;AAAA,YAAqH;AAAA,YAArH;AAAA,YAAqH,iBAAxC,mBAAY,SAAC,UAAW,SAAC;AAAA;AAAA;AAAA;AAAA,UACtG,oBAES;AAAA,YAFA,SAAK,sCAAE,mBAAS;AAAA,YAAU,OAAM;AAAA;YACrC;AAAA,cAAkD;AAAA,gBAA5C,OAAM,wBAAuB;AAAA,cAAC;AAAA,cAAO;AAAA;AAAA;AAAA;;QAInD;AAAA,QACA,oBA8FM,OA9FN,aA8FM;AAAA,UA7FF;AAAA,UACA,oBASM;AAAA,YARF;AAAA,cAAoH;AAAA,cAApH;AAAA,cAAoH,iBAA3B,SAAC;AAAA;AAAA;AAAA;AAAA,4BAC1F,oBAME;AAAA,2EALW,YAAK,QAAK;AAAA,cACnB,MAAK;AAAA,cACL,OAAM;AAAA,cACL,aAAa,SAAC;AAAA,cACf;AAAA;4BAJS,YAAK,KAAK;AAAA;;UAQ3B;AAAA,UACA,oBAOM;AAAA,YANF;AAAA,cAAoH;AAAA,cAApH;AAAA,cAAoH,iBAA3B,SAAC;AAAA;AAAA;AAAA;AAAA,4BAC1F,oBAIY;AAAA,2EAHC,YAAK,cAAW;AAAA,cACzB,OAAM;AAAA,cACL,aAAa,SAAC;AAAA;4BAFN,YAAK,WAAW;AAAA;;UAMjC;AAAA,UACA,oBAaM,OAbN,aAaM;AAAA,YAZF,oBAGM;AAAA,cAFD;AAAA,gBAAiH;AAAA,gBAAjH;AAAA,gBAAiH,iBAAxB,SAAC;AAAA;AAAA;AAAA;AAAA,cAC1F,aAAgF;AAAA,4BAA3D,YAAK;AAAA,6EAAL,YAAK,WAAQ;AAAA,gBAAG,SAAS;AAAA,gBAAiB,OAAM;AAAA;;YAE1E,oBAOM;AAAA,cAND;AAAA,gBAAiH;AAAA,gBAAjH;AAAA,gBAAiH,iBAAxB,SAAC;AAAA;AAAA;AAAA;AAAA,8BAC1F;AAAA,gBAIC;AAAA;AAAA,kBAHE,MAAK;AAAA,iFACI,YAAK,WAAQ;AAAA,kBACtB,OAAM;AAAA;;;;;8BADG,YAAK,QAAQ;AAAA;;;UAMlC;AAAA,UACA,oBAcM,OAdN,aAcM;AAAA,YAbF,oBAGM;AAAA,cAFD;AAAA,gBAAgH;AAAA,gBAAhH;AAAA,gBAAgH,iBAAvB,SAAC;AAAA;AAAA;AAAA;AAAA,cAC1F,aAAiF;AAAA,4BAA5D,YAAK;AAAA,+EAAL,YAAK,aAAU;AAAA,gBAAG,SAAS;AAAA,gBAAgB,OAAM;AAAA;;YAE3E,oBAQM;AAAA,cAPD;AAAA,gBAAmH;AAAA,gBAAnH;AAAA,gBAAmH,iBAA1B,SAAC;AAAA;AAAA;AAAA;AAAA,8BAC1F,oBAKC;AAAA,+EAJW,YAAK,OAAI;AAAA,gBAClB,MAAK;AAAA,gBACJ,aAAa,SAAC;AAAA,gBACf,OAAM;AAAA;8BAHG,YAAK,IAAI;AAAA;;;UAQ9B;AAAA,UACW,kCAAX,oBAoCM;AAAA,YAnCF;AAAA,cAA+G;AAAA,cAA/G;AAAA,cAA+G,iBAAxB,SAAC;AAAA;AAAA;AAAA;AAAA,YACxF,oBAuBM,OAvBN,aAuBM;AAAA,iCAtBJ;AAAA,gBAqBM;AAAA;AAAA,4BApBc,4BAAmB,CAA9B,YAAO;uCADhB,oBAqBM;AAAA,oBAnBH,KAAK,QAAQ;AAAA,oBACd,OAAM;AAAA;oBAEN,oBAMS;AAAA,sBALN,SAAK,YAAE,qBAAc,OAAO;AAAA,sBAC7B,OAAM;AAAA;sBAEe,QAAQ,2BAA7B,aAA2F;AAAA;wBAAnD,QAAO;AAAA,wBAAO,OAAM;AAAA,wBAAmB,MAAK;AAAA,2CACpF,aAAkC;AAAA;wBAAZ,MAAK;AAAA;;oBAE7B;AAAA,sBAKO;AAAA;AAAA,wBAJL,OAAK,iBAAC,qDAAmD,iCAChB,QAAQ,UAAS;AAAA;uCAEvD,QAAQ,KAAK;AAAA;AAAA;AAAA;AAAA,oBAElB,oBAES;AAAA,sBAFA,SAAK,YAAE,qBAAc,QAAQ,EAAE;AAAA,sBAAG,OAAM;AAAA;sBAC/C,aAAiB,iBAAZ,MAAK,KAAI;AAAA;;;;;;;YAIpB,oBASM,OATN,aASM;AAAA,cARJ,aAAiC,oBAAzB,OAAM,iBAAgB;AAAA,8BAC9B,oBAME;AAAA,+EALS,yBAAe;AAAA,gBACvB,WAAO,yBAAgB,mBAAU;AAAA,gBAClC,MAAK;AAAA,gBACJ,aAAa,SAAC;AAAA,gBACf,OAAM;AAAA;8BAJG,sBAAe;AAAA;;;;QAUpC;AAAA,QACA,oBAaM,OAbN,aAaM;AAAA,UAZF;AAAA,YAKS;AAAA;AAAA,cAJJ,SAAK,wCAAE,mBAAS;AAAA,cACjB,OAAM;AAAA;6BAEH,SAAC;AAAA;AAAA;AAAA;AAAA,UAER;AAAA,YAKS;AAAA;AAAA,cAJJ,SAAO;AAAA,cACR,OAAM;AAAA;6BAEH,mBAAY,SAAC,UAAW,SAAC;AAAA;AAAA;AAAA;AAAA;;;IAM5C;AAAA,IACW,yCAAX,oBAyCM,OAzCN,aAyCM;AAAA,MAxCF,oBAuCM,OAvCN,aAuCM;AAAA,QAtCF,oBAKM,OALN,aAKM;AAAA,UAJF;AAAA,YAAqG;AAAA,YAArG;AAAA,YAAqG,iBAAxB,SAAC;AAAA;AAAA;AAAA;AAAA,UAC9E,oBAES;AAAA,YAFA,SAAK,wCAAE,0BAAgB;AAAA,YAAU,OAAM;AAAA;YAC5C;AAAA,cAAkD;AAAA,gBAA5C,OAAM,wBAAuB;AAAA,cAAC;AAAA,cAAO;AAAA;AAAA;AAAA;;QAGnD,oBAuBM,OAvBN,aAuBM;AAAA,UAtBF,oBAQM;AAAA,YAPF;AAAA,cAA6G;AAAA,cAA7G;AAAA,cAA6G,iBAApB,SAAC;AAAA;AAAA;AAAA;AAAA,4BAC1F;AAAA,cAKE;AAAA;AAAA,+EAJW,mBAAY,OAAI;AAAA,gBACzB,MAAK;AAAA,gBACL,OAAM;AAAA,gBACN;AAAA;;;;;4BAHS,mBAAY,IAAI;AAAA;;UAMjC,oBAYM;AAAA,YAXF;AAAA,cAA8G;AAAA,cAA9G;AAAA,cAA8G,iBAArB,SAAC;AAAA;AAAA;AAAA;AAAA,YAC1F,oBASM,OATN,aASM;AAAA,6BARJ;AAAA,gBAOU;AAAA;AAAA,4BANQ,0FAAwF,CAAjG,UAAK;yBADd,oBAOU;AAAA,oBALP,KAAK;AAAA,oBACL,SAAK,YAAE,mBAAY,QAAQ;AAAA,oBAC5B,OAAK,iBAAC,sEACE,mBAAY,UAAU,QAAK;AAAA,oBAClC,OAAK,mCAAqB,MAAK;AAAA;;;;;;;;QAK5C,oBAOM,OAPN,aAOM;AAAA,UANF;AAAA,YAES;AAAA;AAAA,cAFA,SAAK,wCAAE,0BAAgB;AAAA,cAAU,OAAM;AAAA;6BACzC,SAAC;AAAA;AAAA;AAAA;AAAA,UAER;AAAA,YAES;AAAA;AAAA,cAFA,SAAO;AAAA,cAAqB,OAAM;AAAA;6BACpC,SAAC;AAAA;AAAA;AAAA;AAAA",
      "names": [
        "p",
        "t"
      ],
      "ignoreList": [],
      "sources": [
        "/home/zjx/code/todo/frontend/src/App.vue"
      ],
      "file": "/home/zjx/code/todo/frontend/src/App.vue"
    },
    "_coverageSchema": "1a1c01bbd47fc00a2c39e90264f33305004495a9",
    "hash": "df536f34adffd84327632f3e887f786929709fad"
  },
  "/home/zjx/code/todo/frontend/src/main.ts": {
    "path": "/home/zjx/code/todo/frontend/src/main.ts",
    "statementMap": {
      "0": {
        "start": {
          "line": 8,
          "column": 13
        },
        "end": {
          "line": 16,
          "column": 2
        }
      },
      "1": {
        "start": {
          "line": 17,
          "column": 14
        },
        "end": {
          "line": 17,
          "column": 27
        }
      },
      "2": {
        "start": {
          "line": 18,
          "column": 12
        },
        "end": {
          "line": 18,
          "column": 26
        }
      },
      "3": {
        "start": {
          "line": 19,
          "column": 0
        },
        "end": {
          "line": 19,
          "column": 15
        }
      },
      "4": {
        "start": {
          "line": 20,
          "column": 0
        },
        "end": {
          "line": 20,
          "column": 14
        }
      },
      "5": {
        "start": {
          "line": 21,
          "column": 0
        },
        "end": {
          "line": 21,
          "column": 18
        }
      }
    },
    "fnMap": {},
    "branchMap": {},
    "s": {
      "0": 19,
      "1": 19,
      "2": 19,
      "3": 19,
      "4": 19,
      "5": 19
    },
    "f": {},
    "b": {},
    "inputSourceMap": {
      "version": 3,
      "sources": [
        "/home/zjx/code/todo/frontend/src/main.ts"
      ],
      "mappings": "AAAA,SAAS,iBAAiB;AAC1B,SAAS,mBAAmB;AAC5B,SAAS,kBAAkB;AAC3B,OAAO;AACP,OAAO,SAAS;AAEhB,OAAO,QAAQ;AACf,OAAO,QAAQ;AAEf,MAAM,OAAO,WAAW;AAAA,EACtB,QAAQ;AAAA,EACR,QAAQ;AAAA,EACR,gBAAgB;AAAA,EAChB,UAAU;AAAA,IACR;AAAA,IACA;AAAA,EACF;AACF,CAAC;AAED,MAAM,QAAQ,YAAY;AAC1B,MAAM,MAAM,UAAU,GAAG;AAEzB,IAAI,IAAI,KAAK;AACb,IAAI,IAAI,IAAI;AACZ,IAAI,MAAM,MAAM;",
      "names": []
    },
    "_coverageSchema": "1a1c01bbd47fc00a2c39e90264f33305004495a9",
    "hash": "d4ad4acbd86b69bcd852a11e0847a3bf29b96de0"
  }
}